INFO: 2024-10-28 19:45:14,679 - server listening on [::1]:53000 
INFO: 2024-10-28 19:45:14,680 - server listening on 127.0.0.1:53000 
INFO: 2024-10-28 19:45:15,412 - connection open 
INFO: 2024-10-28 19:45:15,945 - Setting up environment 
INFO: 2024-10-28 19:45:19,602 - Adding Asset bookshelf.stl 
INFO: 2024-10-28 19:45:19,719 - Adding Asset laserMeshLong.stl 
INFO: 2024-10-28 19:45:19,731 - Adding Asset laserMeshLong.stl 
INFO: 2024-10-28 19:45:20,160 - Adding Asset laserMeshShort.stl 
INFO: 2024-10-28 19:45:20,173 - Adding Asset laserMeshShort.stl 
INFO: 2024-10-28 19:45:20,410 - Adding Asset table.stl 
2024-10-28 20:29:26,059 - Exploring node: 1
2024-10-28 20:29:26,061 - Exploring node: 2
2024-10-28 20:29:26,064 - Exploring node: 3
2024-10-28 20:29:26,066 - Exploring node: 4
2024-10-28 20:29:26,068 - Exploring node: 5
2024-10-28 20:29:26,070 - Exploring node: 6
2024-10-28 20:29:26,072 - Exploring node: 7
2024-10-28 20:29:26,075 - Exploring node: 8
2024-10-28 20:29:26,078 - Exploring node: 9
2024-10-28 20:29:26,081 - Exploring node: 10
2024-10-28 20:29:26,087 - Exploring node: 11
2024-10-28 20:29:26,090 - Exploring node: 12
2024-10-28 20:29:26,093 - Exploring node: 13
2024-10-28 20:29:26,096 - Exploring node: 14
2024-10-28 20:29:26,099 - Exploring node: 15
2024-10-28 20:29:26,102 - Exploring node: 16
2024-10-28 20:29:26,106 - Exploring node: 17
2024-10-28 20:29:26,108 - Exploring node: 18
2024-10-28 20:29:26,112 - Exploring node: 19
2024-10-28 20:29:26,114 - Exploring node: 20
2024-10-28 20:29:26,117 - Exploring node: 21
2024-10-28 20:29:26,120 - Exploring node: 22
2024-10-28 20:29:26,125 - Exploring node: 23
2024-10-28 20:29:26,128 - Exploring node: 24
2024-10-28 20:29:26,131 - Exploring node: 25
2024-10-28 20:29:26,135 - Exploring node: 26
2024-10-28 20:29:26,137 - Exploring node: 27
2024-10-28 20:29:26,141 - Exploring node: 28
2024-10-28 20:29:26,144 - Exploring node: 29
2024-10-28 20:29:26,148 - Exploring node: 30
2024-10-28 20:29:26,152 - Exploring node: 31
2024-10-28 20:29:26,158 - Exploring node: 32
2024-10-28 20:29:26,161 - Exploring node: 33
2024-10-28 20:29:26,166 - Exploring node: 34
2024-10-28 20:29:26,169 - Exploring node: 35
2024-10-28 20:29:26,174 - Exploring node: 36
2024-10-28 20:29:26,178 - Exploring node: 37
2024-10-28 20:29:26,184 - Exploring node: 38
2024-10-28 20:29:26,189 - Exploring node: 39
2024-10-28 20:29:26,194 - Exploring node: 40
2024-10-28 20:29:26,199 - Exploring node: 41
2024-10-28 20:29:26,204 - Exploring node: 42
2024-10-28 20:29:26,209 - Exploring node: 43
2024-10-28 20:29:26,213 - Exploring node: 44
2024-10-28 20:29:26,219 - Exploring node: 45
2024-10-28 20:29:26,223 - Exploring node: 46
2024-10-28 20:29:26,227 - Exploring node: 47
2024-10-28 20:29:26,235 - Exploring node: 48
2024-10-28 20:29:26,241 - Exploring node: 49
2024-10-28 20:29:26,246 - Exploring node: 50
2024-10-28 20:29:26,250 - Exploring node: 51
2024-10-28 20:29:26,254 - Exploring node: 52
2024-10-28 20:29:26,258 - Exploring node: 53
2024-10-28 20:29:26,263 - Exploring node: 54
2024-10-28 20:29:26,269 - Exploring node: 55
2024-10-28 20:29:26,274 - Exploring node: 56
2024-10-28 20:29:26,279 - Exploring node: 57
2024-10-28 20:29:26,285 - Exploring node: 58
2024-10-28 20:29:26,290 - Exploring node: 59
2024-10-28 20:29:26,294 - Exploring node: 60
2024-10-28 20:29:26,299 - Exploring node: 61
2024-10-28 20:29:26,304 - Exploring node: 62
2024-10-28 20:29:26,309 - Exploring node: 63
2024-10-28 20:29:26,312 - Exploring node: 64
2024-10-28 20:29:26,318 - Exploring node: 65
2024-10-28 20:29:26,324 - Exploring node: 66
2024-10-28 20:29:26,328 - Exploring node: 67
2024-10-28 20:29:26,334 - Exploring node: 68
2024-10-28 20:29:26,337 - Exploring node: 69
2024-10-28 20:29:26,343 - Exploring node: 70
2024-10-28 20:29:26,348 - Exploring node: 71
2024-10-28 20:29:26,353 - Exploring node: 72
2024-10-28 20:29:26,357 - Exploring node: 73
2024-10-28 20:29:26,361 - Exploring node: 74
2024-10-28 20:29:26,367 - Exploring node: 75
2024-10-28 20:29:26,371 - Exploring node: 76
2024-10-28 20:29:26,374 - Exploring node: 77
2024-10-28 20:29:26,379 - Exploring node: 78
2024-10-28 20:29:26,387 - Exploring node: 79
2024-10-28 20:29:26,391 - Exploring node: 80
2024-10-28 20:29:26,395 - Exploring node: 81
2024-10-28 20:29:26,402 - Exploring node: 82
2024-10-28 20:29:26,406 - Exploring node: 83
2024-10-28 20:29:26,409 - Exploring node: 84
2024-10-28 20:29:26,414 - Exploring node: 85
2024-10-28 20:29:26,420 - Exploring node: 86
2024-10-28 20:29:26,426 - Exploring node: 87
2024-10-28 20:29:26,430 - Exploring node: 88
2024-10-28 20:29:26,438 - Exploring node: 89
2024-10-28 20:29:26,445 - Exploring node: 90
2024-10-28 20:29:26,454 - Exploring node: 91
2024-10-28 20:29:26,459 - Exploring node: 92
2024-10-28 20:29:26,467 - Exploring node: 93
2024-10-28 20:29:26,476 - Exploring node: 94
2024-10-28 20:29:26,487 - Exploring node: 95
2024-10-28 20:29:26,497 - Exploring node: 96
2024-10-28 20:29:26,503 - Exploring node: 97
2024-10-28 20:29:26,511 - Exploring node: 98
2024-10-28 20:29:26,520 - Exploring node: 99
2024-10-28 20:29:26,525 - Exploring node: 100
2024-10-28 20:29:26,531 - Exploring node: 101
2024-10-28 20:29:26,540 - Exploring node: 102
2024-10-28 20:29:26,549 - Exploring node: 103
2024-10-28 20:29:26,555 - Exploring node: 104
2024-10-28 20:29:26,563 - Exploring node: 105
2024-10-28 20:29:26,569 - Exploring node: 106
2024-10-28 20:29:26,576 - Exploring node: 107
2024-10-28 20:29:26,584 - Exploring node: 108
2024-10-28 20:29:26,592 - Exploring node: 109
2024-10-28 20:29:26,600 - Exploring node: 110
2024-10-28 20:29:26,610 - Exploring node: 111
2024-10-28 20:29:26,617 - Exploring node: 112
2024-10-28 20:29:26,625 - Exploring node: 113
2024-10-28 20:29:26,634 - Exploring node: 114
2024-10-28 20:29:26,640 - Exploring node: 115
2024-10-28 20:29:26,646 - Exploring node: 116
2024-10-28 20:29:26,656 - Exploring node: 117
2024-10-28 20:29:26,665 - Exploring node: 118
2024-10-28 20:29:26,671 - Exploring node: 119
2024-10-28 20:29:26,682 - Exploring node: 120
2024-10-28 20:29:26,689 - Exploring node: 121
2024-10-28 20:29:26,695 - Exploring node: 122
2024-10-28 20:29:26,701 - Exploring node: 123
2024-10-28 20:29:26,708 - Exploring node: 124
2024-10-28 20:29:26,716 - Exploring node: 125
2024-10-28 20:29:26,724 - Exploring node: 126
2024-10-28 20:29:26,732 - Exploring node: 127
2024-10-28 20:29:26,742 - Exploring node: 128
2024-10-28 20:29:26,753 - Exploring node: 129
2024-10-28 20:29:26,766 - Exploring node: 130
2024-10-28 20:29:26,776 - Exploring node: 131
2024-10-28 20:29:26,788 - Exploring node: 132
2024-10-28 20:29:26,797 - Exploring node: 133
2024-10-28 20:29:26,806 - Exploring node: 134
2024-10-28 20:29:26,814 - Exploring node: 135
2024-10-28 20:29:26,824 - Exploring node: 136
2024-10-28 20:29:26,832 - Exploring node: 137
2024-10-28 20:29:26,843 - Exploring node: 138
2024-10-28 20:29:26,853 - Exploring node: 139
2024-10-28 20:29:26,864 - Exploring node: 140
2024-10-28 20:29:26,876 - Exploring node: 141
2024-10-28 20:29:26,888 - Exploring node: 142
2024-10-28 20:29:26,897 - Exploring node: 143
2024-10-28 20:29:26,908 - Exploring node: 144
2024-10-28 20:29:26,922 - Exploring node: 145
2024-10-28 20:29:26,934 - Exploring node: 146
2024-10-28 20:29:26,948 - Exploring node: 147
2024-10-28 20:29:26,963 - Exploring node: 148
2024-10-28 20:29:26,977 - Exploring node: 149
2024-10-28 20:29:26,990 - Exploring node: 150
2024-10-28 20:29:27,006 - Exploring node: 151
2024-10-28 20:29:27,023 - Exploring node: 152
2024-10-28 20:29:27,036 - Exploring node: 153
2024-10-28 20:29:27,049 - Exploring node: 154
2024-10-28 20:29:27,060 - Exploring node: 155
2024-10-28 20:29:27,071 - Exploring node: 156
2024-10-28 20:29:27,081 - Exploring node: 157
2024-10-28 20:29:27,091 - Exploring node: 158
2024-10-28 20:29:27,109 - Exploring node: 159
2024-10-28 20:29:27,123 - Exploring node: 160
2024-10-28 20:29:27,136 - Exploring node: 161
2024-10-28 20:29:27,149 - Exploring node: 162
2024-10-28 20:29:27,162 - Exploring node: 163
2024-10-28 20:29:27,171 - Exploring node: 164
2024-10-28 20:29:27,184 - Exploring node: 165
2024-10-28 20:29:27,192 - Exploring node: 166
2024-10-28 20:29:27,205 - Exploring node: 167
2024-10-28 20:29:27,213 - Exploring node: 168
2024-10-28 20:29:27,225 - Exploring node: 169
2024-10-28 20:29:27,236 - Exploring node: 170
2024-10-28 20:29:27,244 - Exploring node: 171
2024-10-28 20:29:27,254 - Exploring node: 172
2024-10-28 20:29:27,261 - Exploring node: 173
2024-10-28 20:29:27,271 - Exploring node: 174
2024-10-28 20:29:27,279 - Exploring node: 175
2024-10-28 20:29:27,290 - Exploring node: 176
2024-10-28 20:29:27,298 - Exploring node: 177
2024-10-28 20:29:27,308 - Exploring node: 178
2024-10-28 20:29:27,319 - Exploring node: 179
2024-10-28 20:29:27,330 - Exploring node: 180
2024-10-28 20:29:27,339 - Exploring node: 181
2024-10-28 20:29:27,350 - Exploring node: 182
2024-10-28 20:29:27,359 - Exploring node: 183
2024-10-28 20:29:27,373 - Exploring node: 184
2024-10-28 20:29:27,387 - Exploring node: 185
2024-10-28 20:29:27,415 - Exploring node: 186
2024-10-28 20:29:27,427 - Exploring node: 187
2024-10-28 20:29:27,437 - Exploring node: 188
2024-10-28 20:29:27,451 - Exploring node: 189
2024-10-28 20:29:27,467 - Exploring node: 190
2024-10-28 20:29:27,477 - Exploring node: 191
2024-10-28 20:29:27,495 - Exploring node: 192
2024-10-28 20:29:27,517 - Exploring node: 193
2024-10-28 20:29:27,534 - Exploring node: 194
2024-10-28 20:29:27,548 - Exploring node: 195
2024-10-28 20:29:27,568 - Exploring node: 196
2024-10-28 20:29:27,589 - Exploring node: 197
2024-10-28 20:29:27,599 - Exploring node: 198
2024-10-28 20:29:27,611 - Exploring node: 199
2024-10-28 20:29:27,625 - Exploring node: 200
2024-10-28 20:29:27,640 - Exploring node: 201
2024-10-28 20:29:27,657 - Exploring node: 202
2024-10-28 20:29:27,670 - Exploring node: 203
2024-10-28 20:29:27,681 - Exploring node: 204
2024-10-28 20:29:27,693 - Exploring node: 205
2024-10-28 20:29:27,705 - Exploring node: 206
2024-10-28 20:29:27,720 - Exploring node: 207
2024-10-28 20:29:27,735 - Exploring node: 208
2024-10-28 20:29:27,751 - Exploring node: 209
2024-10-28 20:29:27,772 - Exploring node: 210
2024-10-28 20:29:27,801 - Exploring node: 211
2024-10-28 20:29:27,818 - Exploring node: 212
2024-10-28 20:29:27,836 - Exploring node: 213
2024-10-28 20:29:27,851 - Exploring node: 214
2024-10-28 20:29:27,867 - Exploring node: 215
2024-10-28 20:29:27,881 - Exploring node: 216
2024-10-28 20:29:27,892 - Exploring node: 217
2024-10-28 20:29:27,906 - Exploring node: 218
2024-10-28 20:29:27,919 - Exploring node: 219
2024-10-28 20:29:27,930 - Exploring node: 220
2024-10-28 20:29:27,941 - Exploring node: 221
2024-10-28 20:29:27,955 - Exploring node: 222
2024-10-28 20:29:27,970 - Exploring node: 223
2024-10-28 20:29:27,986 - Exploring node: 224
2024-10-28 20:29:28,006 - Exploring node: 225
2024-10-28 20:29:28,025 - Exploring node: 226
2024-10-28 20:29:28,055 - Exploring node: 227
2024-10-28 20:29:28,074 - Exploring node: 228
2024-10-28 20:29:28,092 - Exploring node: 229
2024-10-28 20:29:28,107 - Exploring node: 230
2024-10-28 20:29:28,120 - Exploring node: 231
2024-10-28 20:29:28,130 - Exploring node: 232
2024-10-28 20:29:28,142 - Exploring node: 233
2024-10-28 20:29:28,156 - Exploring node: 234
2024-10-28 20:29:28,166 - Exploring node: 235
2024-10-28 20:29:28,175 - Exploring node: 236
2024-10-28 20:29:28,188 - Exploring node: 237
2024-10-28 20:29:28,197 - Exploring node: 238
2024-10-28 20:29:28,206 - Exploring node: 239
2024-10-28 20:29:28,219 - Exploring node: 240
2024-10-28 20:29:28,226 - Exploring node: 241
2024-10-28 20:29:28,236 - Exploring node: 242
2024-10-28 20:29:28,242 - Exploring node: 243
2024-10-28 20:29:28,257 - Exploring node: 244
2024-10-28 20:29:28,271 - Exploring node: 245
2024-10-28 20:29:28,279 - Exploring node: 246
2024-10-28 20:29:28,288 - Exploring node: 247
2024-10-28 20:29:28,297 - Exploring node: 248
2024-10-28 20:29:28,309 - Exploring node: 249
2024-10-28 20:29:28,320 - Exploring node: 250
2024-10-28 20:29:28,327 - Exploring node: 251
2024-10-28 20:29:28,337 - Exploring node: 252
2024-10-28 20:29:28,354 - Exploring node: 253
2024-10-28 20:29:28,375 - Exploring node: 254
2024-10-28 20:29:28,391 - Exploring node: 255
2024-10-28 20:29:28,407 - Exploring node: 256
2024-10-28 20:29:28,421 - Exploring node: 257
2024-10-28 20:29:28,431 - Exploring node: 258
2024-10-28 20:29:28,442 - Exploring node: 259
2024-10-28 20:29:28,456 - Exploring node: 260
2024-10-28 20:29:28,466 - Exploring node: 261
2024-10-28 20:29:28,476 - Exploring node: 262
2024-10-28 20:29:28,486 - Exploring node: 263
2024-10-28 20:29:28,496 - Exploring node: 264
2024-10-28 20:29:28,508 - Exploring node: 265
2024-10-28 20:29:28,519 - Exploring node: 266
2024-10-28 20:29:28,529 - Exploring node: 267
2024-10-28 20:29:28,538 - Exploring node: 268
2024-10-28 20:29:28,546 - Exploring node: 269
2024-10-28 20:29:28,558 - Exploring node: 270
2024-10-28 20:29:28,567 - Exploring node: 271
2024-10-28 20:29:28,574 - Exploring node: 272
2024-10-28 20:29:28,587 - Exploring node: 273
2024-10-28 20:29:28,602 - Exploring node: 274
2024-10-28 20:29:28,612 - Exploring node: 275
2024-10-28 20:29:28,624 - Exploring node: 276
2024-10-28 20:29:28,636 - Exploring node: 277
2024-10-28 20:29:28,645 - Exploring node: 278
2024-10-28 20:29:28,659 - Exploring node: 279
2024-10-28 20:29:28,673 - Exploring node: 280
2024-10-28 20:29:28,684 - Exploring node: 281
2024-10-28 20:29:28,696 - Exploring node: 282
2024-10-28 20:29:28,719 - Exploring node: 283
2024-10-28 20:29:28,759 - Exploring node: 284
2024-10-28 20:29:28,787 - Exploring node: 285
2024-10-28 20:29:28,802 - Exploring node: 286
2024-10-28 20:29:28,815 - Exploring node: 287
2024-10-28 20:29:28,836 - Exploring node: 288
2024-10-28 20:29:28,857 - Exploring node: 289
2024-10-28 20:29:28,871 - Exploring node: 290
2024-10-28 20:29:28,890 - Exploring node: 291
2024-10-28 20:29:28,903 - Exploring node: 292
2024-10-28 20:29:28,912 - Exploring node: 293
2024-10-28 20:29:28,926 - Exploring node: 294
2024-10-28 20:29:28,938 - Exploring node: 295
2024-10-28 20:29:28,947 - Exploring node: 296
2024-10-28 20:29:28,962 - Exploring node: 297
2024-10-28 20:29:28,972 - Exploring node: 298
2024-10-28 20:29:28,978 - Exploring node: 299
2024-10-28 20:29:28,993 - Exploring node: 300
2024-10-28 20:29:29,006 - Exploring node: 301
2024-10-28 20:29:29,035 - Exploring node: 302
2024-10-28 20:29:29,057 - Exploring node: 303
2024-10-28 20:29:29,070 - Exploring node: 304
2024-10-28 20:29:29,085 - Exploring node: 305
2024-10-28 20:29:29,096 - Exploring node: 306
2024-10-28 20:29:29,109 - Exploring node: 307
2024-10-28 20:29:29,124 - Exploring node: 308
2024-10-28 20:29:29,138 - Exploring node: 309
2024-10-28 20:29:29,153 - Exploring node: 310
2024-10-28 20:29:29,160 - Exploring node: 311
2024-10-28 20:29:29,172 - Exploring node: 312
2024-10-28 20:29:29,185 - Exploring node: 313
2024-10-28 20:29:29,193 - Exploring node: 314
2024-10-28 20:29:29,205 - Exploring node: 315
2024-10-28 20:29:29,219 - Exploring node: 316
2024-10-28 20:29:29,229 - Exploring node: 317
2024-10-28 20:29:29,241 - Exploring node: 318
2024-10-28 20:29:29,258 - Exploring node: 319
2024-10-28 20:29:29,269 - Exploring node: 320
2024-10-28 20:29:29,288 - Exploring node: 321
2024-10-28 20:29:29,297 - Exploring node: 322
2024-10-28 20:29:29,317 - Exploring node: 323
2024-10-28 20:29:29,331 - Exploring node: 324
2024-10-28 20:29:29,351 - Exploring node: 325
2024-10-28 20:29:29,362 - Exploring node: 326
2024-10-28 20:29:29,376 - Exploring node: 327
2024-10-28 20:29:29,391 - Exploring node: 328
2024-10-28 20:29:29,404 - Exploring node: 329
2024-10-28 20:29:29,415 - Exploring node: 330
2024-10-28 20:29:29,428 - Exploring node: 331
2024-10-28 20:29:29,442 - Exploring node: 332
2024-10-28 20:29:29,454 - Exploring node: 333
2024-10-28 20:29:29,465 - Exploring node: 334
2024-10-28 20:29:29,479 - Exploring node: 335
2024-10-28 20:29:29,494 - Exploring node: 336
2024-10-28 20:29:29,514 - Exploring node: 337
2024-10-28 20:29:29,535 - Exploring node: 338
2024-10-28 20:29:29,555 - Exploring node: 339
2024-10-28 20:29:29,572 - Exploring node: 340
2024-10-28 20:29:29,590 - Exploring node: 341
2024-10-28 20:29:29,603 - Exploring node: 342
2024-10-28 20:29:29,614 - Exploring node: 343
2024-10-28 20:29:29,626 - Exploring node: 344
2024-10-28 20:29:29,638 - Exploring node: 345
2024-10-28 20:29:29,652 - Exploring node: 346
2024-10-28 20:29:29,662 - Exploring node: 347
2024-10-28 20:29:29,675 - Exploring node: 348
2024-10-28 20:29:29,688 - Exploring node: 349
2024-10-28 20:29:29,694 - Exploring node: 350
2024-10-28 20:29:29,704 - Exploring node: 351
2024-10-28 20:29:29,712 - Exploring node: 352
2024-10-28 20:29:29,722 - Exploring node: 353
2024-10-28 20:29:29,729 - Exploring node: 354
2024-10-28 20:29:29,741 - Exploring node: 355
2024-10-28 20:29:29,755 - Exploring node: 356
2024-10-28 20:29:29,770 - Exploring node: 357
2024-10-28 20:29:29,789 - Exploring node: 358
2024-10-28 20:29:29,806 - Exploring node: 359
2024-10-28 20:29:29,823 - Exploring node: 360
2024-10-28 20:29:29,842 - Exploring node: 361
2024-10-28 20:29:29,860 - Exploring node: 362
2024-10-28 20:29:29,886 - Exploring node: 363
2024-10-28 20:29:29,907 - Exploring node: 364
2024-10-28 20:29:29,934 - Exploring node: 365
2024-10-28 20:29:29,956 - Exploring node: 366
2024-10-28 20:29:29,976 - Exploring node: 367
2024-10-28 20:29:29,995 - Exploring node: 368
2024-10-28 20:29:30,012 - Exploring node: 369
2024-10-28 20:29:30,026 - Exploring node: 370
2024-10-28 20:29:30,039 - Exploring node: 371
2024-10-28 20:29:30,054 - Exploring node: 372
2024-10-28 20:29:30,076 - Exploring node: 373
2024-10-28 20:29:30,101 - Exploring node: 374
2024-10-28 20:29:30,119 - Exploring node: 375
2024-10-28 20:29:30,148 - Exploring node: 376
2024-10-28 20:29:30,181 - Exploring node: 377
2024-10-28 20:29:30,204 - Exploring node: 378
2024-10-28 20:29:30,212 - Exploring node: 379
2024-10-28 20:29:30,224 - Exploring node: 380
2024-10-28 20:29:30,237 - Exploring node: 381
2024-10-28 20:29:30,261 - Exploring node: 382
2024-10-28 20:29:30,281 - Exploring node: 383
2024-10-28 20:29:30,292 - Exploring node: 384
2024-10-28 20:29:30,307 - Exploring node: 385
2024-10-28 20:29:30,320 - Exploring node: 386
2024-10-28 20:29:30,330 - Exploring node: 387
2024-10-28 20:29:30,343 - Exploring node: 388
2024-10-28 20:29:30,360 - Exploring node: 389
2024-10-28 20:29:30,379 - Exploring node: 390
2024-10-28 20:29:30,400 - Exploring node: 391
2024-10-28 20:29:30,423 - Exploring node: 392
2024-10-28 20:29:30,439 - Exploring node: 393
2024-10-28 20:29:30,456 - Exploring node: 394
2024-10-28 20:29:30,475 - Exploring node: 395
2024-10-28 20:29:30,489 - Exploring node: 396
2024-10-28 20:29:30,500 - Exploring node: 397
2024-10-28 20:29:30,516 - Exploring node: 398
2024-10-28 20:29:30,528 - Exploring node: 399
2024-10-28 20:29:30,543 - Exploring node: 400
2024-10-28 20:29:30,560 - Exploring node: 401
2024-10-28 20:29:30,581 - Exploring node: 402
2024-10-28 20:29:30,596 - Exploring node: 403
2024-10-28 20:29:30,612 - Exploring node: 404
2024-10-28 20:29:30,624 - Exploring node: 405
2024-10-28 20:29:30,637 - Exploring node: 406
2024-10-28 20:29:30,667 - Exploring node: 407
2024-10-28 20:29:30,688 - Exploring node: 408
2024-10-28 20:29:30,711 - Exploring node: 409
2024-10-28 20:29:30,734 - Exploring node: 410
2024-10-28 20:29:30,757 - Exploring node: 411
2024-10-28 20:29:30,782 - Exploring node: 412
2024-10-28 20:29:30,808 - Exploring node: 413
2024-10-28 20:29:30,839 - Exploring node: 414
2024-10-28 20:29:30,862 - Exploring node: 415
2024-10-28 20:29:30,880 - Exploring node: 416
2024-10-28 20:29:30,908 - Exploring node: 417
2024-10-28 20:29:30,937 - Exploring node: 418
2024-10-28 20:29:30,959 - Exploring node: 419
2024-10-28 20:29:30,984 - Exploring node: 420
2024-10-28 20:29:31,002 - Exploring node: 421
2024-10-28 20:29:31,026 - Exploring node: 422
2024-10-28 20:29:31,054 - Exploring node: 423
2024-10-28 20:29:31,080 - Exploring node: 424
2024-10-28 20:29:31,102 - Exploring node: 425
2024-10-28 20:29:31,121 - Exploring node: 426
2024-10-28 20:29:31,141 - Exploring node: 427
2024-10-28 20:29:31,159 - Exploring node: 428
2024-10-28 20:29:31,177 - Exploring node: 429
2024-10-28 20:29:31,189 - Exploring node: 430
2024-10-28 20:29:31,204 - Exploring node: 431
2024-10-28 20:29:31,210 - Exploring node: 432
2024-10-28 20:29:31,221 - Exploring node: 433
2024-10-28 20:29:31,230 - Exploring node: 434
2024-10-28 20:29:31,243 - Exploring node: 435
2024-10-28 20:29:31,259 - Exploring node: 436
2024-10-28 20:29:31,269 - Exploring node: 437
2024-10-28 20:29:31,285 - Exploring node: 438
2024-10-28 20:29:31,293 - Exploring node: 439
2024-10-28 20:29:31,302 - Exploring node: 440
2024-10-28 20:29:31,312 - Exploring node: 441
2024-10-28 20:29:31,332 - Exploring node: 442
2024-10-28 20:29:31,355 - Exploring node: 443
2024-10-28 20:29:31,391 - Exploring node: 444
2024-10-28 20:29:31,416 - Exploring node: 445
2024-10-28 20:29:31,439 - Exploring node: 446
2024-10-28 20:29:31,462 - Exploring node: 447
2024-10-28 20:29:31,478 - Exploring node: 448
2024-10-28 20:29:31,495 - Exploring node: 449
2024-10-28 20:29:31,513 - Exploring node: 450
2024-10-28 20:29:31,523 - Exploring node: 451
2024-10-28 20:29:31,535 - Exploring node: 452
2024-10-28 20:29:31,544 - Exploring node: 453
2024-10-28 20:29:31,559 - Exploring node: 454
2024-10-28 20:29:31,575 - Exploring node: 455
2024-10-28 20:29:31,594 - Exploring node: 456
2024-10-28 20:29:31,617 - Exploring node: 457
2024-10-28 20:29:31,632 - Exploring node: 458
2024-10-28 20:29:31,655 - Exploring node: 459
2024-10-28 20:29:31,679 - Exploring node: 460
2024-10-28 20:29:31,703 - Exploring node: 461
2024-10-28 20:29:31,728 - Exploring node: 462
2024-10-28 20:29:31,747 - Exploring node: 463
2024-10-28 20:29:31,771 - Exploring node: 464
2024-10-28 20:29:31,804 - Exploring node: 465
2024-10-28 20:29:31,826 - Exploring node: 466
2024-10-28 20:29:31,839 - Exploring node: 467
2024-10-28 20:29:31,857 - Exploring node: 468
2024-10-28 20:29:31,871 - Exploring node: 469
2024-10-28 20:29:31,888 - Exploring node: 470
2024-10-28 20:29:31,910 - Exploring node: 471
2024-10-28 20:29:31,927 - Exploring node: 472
2024-10-28 20:29:31,940 - Exploring node: 473
2024-10-28 20:29:31,961 - Exploring node: 474
2024-10-28 20:29:31,977 - Exploring node: 475
2024-10-28 20:29:31,989 - Exploring node: 476
2024-10-28 20:29:32,001 - Exploring node: 477
2024-10-28 20:29:32,013 - Exploring node: 478
2024-10-28 20:29:32,025 - Exploring node: 479
2024-10-28 20:29:32,035 - Exploring node: 480
2024-10-28 20:29:32,044 - Exploring node: 481
2024-10-28 20:29:32,058 - Exploring node: 482
2024-10-28 20:29:32,069 - Exploring node: 483
2024-10-28 20:29:32,085 - Exploring node: 484
2024-10-28 20:29:32,093 - Exploring node: 485
2024-10-28 20:29:32,106 - Exploring node: 486
2024-10-28 20:29:32,118 - Exploring node: 487
2024-10-28 20:29:32,129 - Exploring node: 488
2024-10-28 20:29:32,140 - Exploring node: 489
2024-10-28 20:29:32,153 - Exploring node: 490
2024-10-28 20:29:32,169 - Exploring node: 491
2024-10-28 20:29:32,180 - Exploring node: 492
2024-10-28 20:29:32,194 - Exploring node: 493
2024-10-28 20:29:32,206 - Exploring node: 494
2024-10-28 20:29:32,220 - Exploring node: 495
2024-10-28 20:29:32,236 - Exploring node: 496
2024-10-28 20:29:32,251 - Exploring node: 497
2024-10-28 20:29:32,264 - Exploring node: 498
2024-10-28 20:29:32,276 - Exploring node: 499
2024-10-28 20:29:32,289 - Exploring node: 500
2024-10-28 20:29:32,299 - Exploring node: 501
2024-10-28 20:29:32,309 - Exploring node: 502
2024-10-28 20:29:32,320 - Exploring node: 503
2024-10-28 20:29:32,329 - Exploring node: 504
2024-10-28 20:29:32,340 - Exploring node: 505
2024-10-28 20:29:32,358 - Exploring node: 506
2024-10-28 20:29:32,378 - Exploring node: 507
2024-10-28 20:29:32,390 - Exploring node: 508
2024-10-28 20:29:32,410 - Exploring node: 509
2024-10-28 20:29:32,436 - Exploring node: 510
2024-10-28 20:29:32,455 - Exploring node: 511
2024-10-28 20:29:32,468 - Exploring node: 512
2024-10-28 20:29:32,479 - Exploring node: 513
2024-10-28 20:29:32,496 - Exploring node: 514
2024-10-28 20:29:32,510 - Exploring node: 515
2024-10-28 20:29:32,522 - Exploring node: 516
2024-10-28 20:29:32,534 - Exploring node: 517
2024-10-28 20:29:32,560 - Exploring node: 518
2024-10-28 20:29:32,575 - Exploring node: 519
2024-10-28 20:29:32,592 - Exploring node: 520
2024-10-28 20:29:32,607 - Exploring node: 521
2024-10-28 20:29:32,618 - Exploring node: 522
2024-10-28 20:29:32,633 - Exploring node: 523
2024-10-28 20:29:32,646 - Exploring node: 524
2024-10-28 20:29:32,659 - Exploring node: 525
2024-10-28 20:29:32,670 - Exploring node: 526
2024-10-28 20:29:32,685 - Exploring node: 527
2024-10-28 20:29:32,696 - Exploring node: 528
2024-10-28 20:29:32,712 - Exploring node: 529
2024-10-28 20:29:32,725 - Exploring node: 530
2024-10-28 20:29:32,747 - Exploring node: 531
2024-10-28 20:29:32,762 - Exploring node: 532
2024-10-28 20:29:32,779 - Exploring node: 533
2024-10-28 20:29:32,805 - Exploring node: 534
2024-10-28 20:29:32,820 - Exploring node: 535
2024-10-28 20:29:32,839 - Exploring node: 536
2024-10-28 20:29:32,855 - Exploring node: 537
2024-10-28 20:29:32,887 - Exploring node: 538
2024-10-28 20:29:32,902 - Exploring node: 539
2024-10-28 20:29:32,913 - Exploring node: 540
2024-10-28 20:29:32,925 - Exploring node: 541
2024-10-28 20:29:32,937 - Exploring node: 542
2024-10-28 20:29:32,950 - Exploring node: 543
2024-10-28 20:29:32,959 - Exploring node: 544
2024-10-28 20:29:32,970 - Exploring node: 545
2024-10-28 20:29:32,987 - Exploring node: 546
2024-10-28 20:29:33,002 - Exploring node: 547
2024-10-28 20:29:33,017 - Exploring node: 548
2024-10-28 20:29:33,029 - Exploring node: 549
2024-10-28 20:29:33,042 - Exploring node: 550
2024-10-28 20:29:33,055 - Exploring node: 551
2024-10-28 20:29:33,066 - Exploring node: 552
2024-10-28 20:29:33,075 - Exploring node: 553
2024-10-28 20:29:33,091 - Exploring node: 554
2024-10-28 20:29:33,104 - Exploring node: 555
2024-10-28 20:29:33,112 - Exploring node: 556
2024-10-28 20:29:33,123 - Exploring node: 557
2024-10-28 20:29:33,137 - Exploring node: 558
2024-10-28 20:29:33,152 - Exploring node: 559
2024-10-28 20:29:33,162 - Exploring node: 560
2024-10-28 20:29:33,173 - Exploring node: 561
2024-10-28 20:29:33,186 - Exploring node: 562
2024-10-28 20:29:33,199 - Exploring node: 563
2024-10-28 20:29:33,209 - Exploring node: 564
2024-10-28 20:29:33,224 - Exploring node: 565
2024-10-28 20:29:33,237 - Exploring node: 566
2024-10-28 20:29:33,246 - Exploring node: 567
2024-10-28 20:29:33,261 - Exploring node: 568
2024-10-28 20:29:33,271 - Exploring node: 569
2024-10-28 20:29:33,282 - Exploring node: 570
2024-10-28 20:29:33,295 - Exploring node: 571
2024-10-28 20:29:33,308 - Exploring node: 572
2024-10-28 20:29:33,321 - Exploring node: 573
2024-10-28 20:29:33,335 - Exploring node: 574
2024-10-28 20:29:33,346 - Exploring node: 575
2024-10-28 20:29:33,363 - Exploring node: 576
2024-10-28 20:29:33,381 - Exploring node: 577
2024-10-28 20:29:33,401 - Exploring node: 578
2024-10-28 20:29:33,418 - Exploring node: 579
2024-10-28 20:29:33,436 - Exploring node: 580
2024-10-28 20:29:33,451 - Exploring node: 581
2024-10-28 20:29:33,462 - Exploring node: 582
2024-10-28 20:29:33,478 - Exploring node: 583
2024-10-28 20:29:33,498 - Exploring node: 584
2024-10-28 20:29:33,522 - Exploring node: 585
2024-10-28 20:29:33,536 - Exploring node: 586
2024-10-28 20:29:33,551 - Exploring node: 587
2024-10-28 20:29:33,561 - Exploring node: 588
2024-10-28 20:29:33,571 - Exploring node: 589
2024-10-28 20:29:33,583 - Exploring node: 590
2024-10-28 20:29:33,596 - Exploring node: 591
2024-10-28 20:29:33,608 - Exploring node: 592
2024-10-28 20:29:33,624 - Exploring node: 593
2024-10-28 20:29:33,637 - Exploring node: 594
2024-10-28 20:29:33,653 - Exploring node: 595
2024-10-28 20:29:33,662 - Exploring node: 596
2024-10-28 20:29:33,673 - Exploring node: 597
2024-10-28 20:29:33,685 - Exploring node: 598
2024-10-28 20:29:33,704 - Exploring node: 599
2024-10-28 20:29:33,716 - Exploring node: 600
2024-10-28 20:29:33,732 - Exploring node: 601
2024-10-28 20:29:33,744 - Exploring node: 602
2024-10-28 20:29:33,756 - Exploring node: 603
2024-10-28 20:29:33,770 - Exploring node: 604
2024-10-28 20:29:33,787 - Exploring node: 605
2024-10-28 20:29:33,804 - Exploring node: 606
2024-10-28 20:29:33,818 - Exploring node: 607
2024-10-28 20:29:33,836 - Exploring node: 608
2024-10-28 20:29:33,847 - Exploring node: 609
2024-10-28 20:29:33,859 - Exploring node: 610
2024-10-28 20:29:33,876 - Exploring node: 611
2024-10-28 20:29:33,896 - Exploring node: 612
2024-10-28 20:29:33,912 - Exploring node: 613
2024-10-28 20:29:33,937 - Exploring node: 614
2024-10-28 20:29:33,958 - Exploring node: 615
2024-10-28 20:29:33,975 - Exploring node: 616
2024-10-28 20:29:33,985 - Exploring node: 617
2024-10-28 20:29:33,994 - Exploring node: 618
2024-10-28 20:29:34,007 - Exploring node: 619
2024-10-28 20:29:34,037 - Exploring node: 620
2024-10-28 20:29:34,060 - Exploring node: 621
2024-10-28 20:29:34,078 - Exploring node: 622
2024-10-28 20:29:34,091 - Exploring node: 623
2024-10-28 20:29:34,108 - Exploring node: 624
2024-10-28 20:29:34,125 - Exploring node: 625
2024-10-28 20:29:34,137 - Exploring node: 626
2024-10-28 20:29:34,146 - Exploring node: 627
2024-10-28 20:29:34,159 - Exploring node: 628
2024-10-28 20:29:34,170 - Exploring node: 629
2024-10-28 20:29:34,187 - Exploring node: 630
2024-10-28 20:29:34,203 - Exploring node: 631
2024-10-28 20:29:34,236 - Exploring node: 632
2024-10-28 20:29:34,245 - Exploring node: 633
2024-10-28 20:29:34,260 - Exploring node: 634
2024-10-28 20:29:34,273 - Exploring node: 635
2024-10-28 20:29:34,288 - Exploring node: 636
2024-10-28 20:29:34,302 - Exploring node: 637
2024-10-28 20:29:34,316 - Exploring node: 638
2024-10-28 20:29:34,333 - Exploring node: 639
2024-10-28 20:29:34,350 - Exploring node: 640
2024-10-28 20:29:34,368 - Exploring node: 641
2024-10-28 20:29:34,380 - Exploring node: 642
2024-10-28 20:29:34,406 - Exploring node: 643
2024-10-28 20:29:34,421 - Exploring node: 644
2024-10-28 20:29:34,437 - Exploring node: 645
2024-10-28 20:29:34,456 - Exploring node: 646
2024-10-28 20:29:34,478 - Exploring node: 647
2024-10-28 20:29:34,491 - Exploring node: 648
2024-10-28 20:29:34,505 - Exploring node: 649
2024-10-28 20:29:34,519 - Exploring node: 650
2024-10-28 20:29:34,534 - Exploring node: 651
2024-10-28 20:29:34,544 - Exploring node: 652
2024-10-28 20:29:34,559 - Exploring node: 653
2024-10-28 20:29:34,577 - Exploring node: 654
2024-10-28 20:29:34,596 - Exploring node: 655
2024-10-28 20:29:34,607 - Exploring node: 656
2024-10-28 20:29:34,620 - Exploring node: 657
2024-10-28 20:29:34,635 - Exploring node: 658
2024-10-28 20:29:34,644 - Exploring node: 659
2024-10-28 20:29:34,656 - Exploring node: 660
2024-10-28 20:29:34,675 - Exploring node: 661
2024-10-28 20:29:34,690 - Exploring node: 662
2024-10-28 20:29:34,706 - Exploring node: 663
2024-10-28 20:29:34,721 - Exploring node: 664
2024-10-28 20:29:34,742 - Exploring node: 665
2024-10-28 20:29:34,754 - Exploring node: 666
2024-10-28 20:29:34,770 - Exploring node: 667
2024-10-28 20:29:34,792 - Exploring node: 668
2024-10-28 20:29:34,807 - Exploring node: 669
2024-10-28 20:29:34,837 - Exploring node: 670
2024-10-28 20:29:34,908 - Exploring node: 671
2024-10-28 20:29:34,925 - Exploring node: 672
2024-10-28 20:29:34,937 - Exploring node: 673
2024-10-28 20:29:34,948 - Exploring node: 674
2024-10-28 20:29:34,958 - Exploring node: 675
2024-10-28 20:29:34,970 - Exploring node: 676
2024-10-28 20:29:34,993 - Exploring node: 677
2024-10-28 20:29:35,007 - Exploring node: 678
2024-10-28 20:29:35,025 - Exploring node: 679
2024-10-28 20:29:35,045 - Exploring node: 680
2024-10-28 20:29:35,071 - Exploring node: 681
2024-10-28 20:29:35,094 - Exploring node: 682
2024-10-28 20:29:35,121 - Exploring node: 683
2024-10-28 20:29:35,145 - Exploring node: 684
2024-10-28 20:29:35,174 - Exploring node: 685
2024-10-28 20:29:35,206 - Exploring node: 686
2024-10-28 20:29:35,230 - Exploring node: 687
2024-10-28 20:29:35,260 - Exploring node: 688
2024-10-28 20:29:35,292 - Exploring node: 689
2024-10-28 20:29:35,322 - Exploring node: 690
2024-10-28 20:29:35,353 - Exploring node: 691
2024-10-28 20:29:35,378 - Exploring node: 692
2024-10-28 20:29:35,411 - Exploring node: 693
2024-10-28 20:29:35,439 - Exploring node: 694
2024-10-28 20:29:35,466 - Exploring node: 695
2024-10-28 20:29:35,487 - Exploring node: 696
2024-10-28 20:29:35,506 - Exploring node: 697
2024-10-28 20:29:35,518 - Exploring node: 698
2024-10-28 20:29:35,539 - Exploring node: 699
2024-10-28 20:29:35,554 - Exploring node: 700
2024-10-28 20:29:35,569 - Exploring node: 701
2024-10-28 20:29:35,597 - Exploring node: 702
2024-10-28 20:29:35,621 - Exploring node: 703
2024-10-28 20:29:35,636 - Exploring node: 704
2024-10-28 20:29:35,653 - Exploring node: 705
2024-10-28 20:29:35,670 - Exploring node: 706
2024-10-28 20:29:35,683 - Exploring node: 707
2024-10-28 20:29:35,696 - Exploring node: 708
2024-10-28 20:29:35,708 - Exploring node: 709
2024-10-28 20:29:35,721 - Exploring node: 710
2024-10-28 20:29:35,738 - Exploring node: 711
2024-10-28 20:29:35,755 - Exploring node: 712
2024-10-28 20:29:35,772 - Exploring node: 713
2024-10-28 20:29:35,786 - Exploring node: 714
2024-10-28 20:29:35,814 - Exploring node: 715
2024-10-28 20:29:35,836 - Exploring node: 716
2024-10-28 20:29:35,854 - Exploring node: 717
2024-10-28 20:29:35,879 - Exploring node: 718
2024-10-28 20:29:35,922 - Exploring node: 719
2024-10-28 20:29:35,950 - Exploring node: 720
2024-10-28 20:29:35,974 - Exploring node: 721
2024-10-28 20:29:35,990 - Exploring node: 722
2024-10-28 20:29:36,005 - Exploring node: 723
2024-10-28 20:29:36,025 - Exploring node: 724
2024-10-28 20:29:36,044 - Exploring node: 725
2024-10-28 20:29:36,057 - Exploring node: 726
2024-10-28 20:29:36,074 - Exploring node: 727
2024-10-28 20:29:36,092 - Exploring node: 728
2024-10-28 20:29:36,112 - Exploring node: 729
2024-10-28 20:29:36,139 - Exploring node: 730
2024-10-28 20:29:36,166 - Exploring node: 731
2024-10-28 20:29:36,204 - Exploring node: 732
2024-10-28 20:29:36,257 - Exploring node: 733
2024-10-28 20:29:36,291 - Exploring node: 734
2024-10-28 20:29:36,312 - Exploring node: 735
2024-10-28 20:29:36,326 - Exploring node: 736
2024-10-28 20:29:36,341 - Exploring node: 737
2024-10-28 20:29:36,355 - Exploring node: 738
2024-10-28 20:29:36,378 - Exploring node: 739
2024-10-28 20:29:36,405 - Exploring node: 740
2024-10-28 20:29:36,433 - Exploring node: 741
2024-10-28 20:29:36,458 - Exploring node: 742
2024-10-28 20:29:36,504 - Exploring node: 743
2024-10-28 20:29:36,538 - Exploring node: 744
2024-10-28 20:29:36,570 - Exploring node: 745
2024-10-28 20:29:36,592 - Exploring node: 746
2024-10-28 20:29:36,608 - Exploring node: 747
2024-10-28 20:29:36,631 - Exploring node: 748
2024-10-28 20:29:36,653 - Exploring node: 749
2024-10-28 20:29:36,677 - Exploring node: 750
2024-10-28 20:29:36,707 - Exploring node: 751
2024-10-28 20:29:36,731 - Exploring node: 752
2024-10-28 20:29:36,767 - Exploring node: 753
2024-10-28 20:29:36,786 - Exploring node: 754
2024-10-28 20:29:36,800 - Exploring node: 755
2024-10-28 20:29:36,811 - Exploring node: 756
2024-10-28 20:29:36,826 - Exploring node: 757
2024-10-28 20:29:36,840 - Exploring node: 758
2024-10-28 20:29:36,856 - Exploring node: 759
2024-10-28 20:29:36,872 - Exploring node: 760
2024-10-28 20:29:36,891 - Exploring node: 761
2024-10-28 20:29:36,907 - Exploring node: 762
2024-10-28 20:29:36,926 - Exploring node: 763
2024-10-28 20:29:36,960 - Exploring node: 764
2024-10-28 20:29:36,980 - Exploring node: 765
2024-10-28 20:29:36,995 - Exploring node: 766
2024-10-28 20:29:37,008 - Exploring node: 767
2024-10-28 20:29:37,025 - Exploring node: 768
2024-10-28 20:29:37,038 - Exploring node: 769
2024-10-28 20:29:37,054 - Exploring node: 770
2024-10-28 20:29:37,072 - Exploring node: 771
2024-10-28 20:29:37,088 - Exploring node: 772
2024-10-28 20:29:37,105 - Exploring node: 773
2024-10-28 20:29:37,121 - Exploring node: 774
2024-10-28 20:29:37,135 - Exploring node: 775
2024-10-28 20:29:37,148 - Exploring node: 776
2024-10-28 20:29:37,159 - Exploring node: 777
2024-10-28 20:29:37,176 - Exploring node: 778
2024-10-28 20:29:37,191 - Exploring node: 779
2024-10-28 20:29:37,206 - Exploring node: 780
2024-10-28 20:29:37,221 - Exploring node: 781
2024-10-28 20:29:37,239 - Exploring node: 782
2024-10-28 20:29:37,256 - Exploring node: 783
2024-10-28 20:29:37,275 - Exploring node: 784
2024-10-28 20:29:37,292 - Exploring node: 785
2024-10-28 20:29:37,309 - Exploring node: 786
2024-10-28 20:29:37,323 - Exploring node: 787
2024-10-28 20:29:37,338 - Exploring node: 788
2024-10-28 20:29:37,354 - Exploring node: 789
2024-10-28 20:29:37,369 - Exploring node: 790
2024-10-28 20:29:37,379 - Exploring node: 791
2024-10-28 20:29:37,394 - Exploring node: 792
2024-10-28 20:29:37,409 - Exploring node: 793
2024-10-28 20:29:37,426 - Exploring node: 794
2024-10-28 20:29:37,441 - Exploring node: 795
2024-10-28 20:29:37,456 - Exploring node: 796
2024-10-28 20:29:37,470 - Exploring node: 797
2024-10-28 20:29:37,485 - Exploring node: 798
2024-10-28 20:29:37,498 - Exploring node: 799
2024-10-28 20:29:37,512 - Exploring node: 800
2024-10-28 20:29:37,528 - Exploring node: 801
2024-10-28 20:29:37,546 - Exploring node: 802
2024-10-28 20:29:37,572 - Exploring node: 803
2024-10-28 20:29:37,589 - Exploring node: 804
2024-10-28 20:29:37,609 - Exploring node: 805
2024-10-28 20:29:37,628 - Exploring node: 806
2024-10-28 20:29:37,644 - Exploring node: 807
2024-10-28 20:29:37,658 - Exploring node: 808
2024-10-28 20:29:37,685 - Exploring node: 809
2024-10-28 20:29:37,700 - Exploring node: 810
2024-10-28 20:29:37,714 - Exploring node: 811
2024-10-28 20:29:37,738 - Exploring node: 812
2024-10-28 20:29:37,754 - Exploring node: 813
2024-10-28 20:29:37,770 - Exploring node: 814
2024-10-28 20:29:37,789 - Exploring node: 815
2024-10-28 20:29:37,806 - Exploring node: 816
2024-10-28 20:29:37,827 - Exploring node: 817
2024-10-28 20:29:37,855 - Exploring node: 818
2024-10-28 20:29:37,885 - Exploring node: 819
2024-10-28 20:29:37,903 - Exploring node: 820
2024-10-28 20:29:37,918 - Exploring node: 821
2024-10-28 20:29:37,938 - Exploring node: 822
2024-10-28 20:29:37,959 - Exploring node: 823
2024-10-28 20:29:37,985 - Exploring node: 824
2024-10-28 20:29:38,005 - Exploring node: 825
2024-10-28 20:29:38,028 - Exploring node: 826
2024-10-28 20:29:38,050 - Exploring node: 827
2024-10-28 20:29:38,079 - Exploring node: 828
2024-10-28 20:29:38,098 - Exploring node: 829
2024-10-28 20:29:38,118 - Exploring node: 830
2024-10-28 20:29:38,130 - Exploring node: 831
2024-10-28 20:29:38,156 - Exploring node: 832
2024-10-28 20:29:38,198 - Exploring node: 833
2024-10-28 20:29:38,209 - Exploring node: 834
2024-10-28 20:29:38,223 - Exploring node: 835
2024-10-28 20:29:38,237 - Exploring node: 836
2024-10-28 20:29:38,257 - Exploring node: 837
2024-10-28 20:29:38,274 - Exploring node: 838
2024-10-28 20:29:38,290 - Exploring node: 839
2024-10-28 20:29:38,307 - Exploring node: 840
2024-10-28 20:29:38,324 - Exploring node: 841
2024-10-28 20:29:38,374 - Exploring node: 842
2024-10-28 20:29:38,427 - Exploring node: 843
2024-10-28 20:29:38,447 - Exploring node: 844
2024-10-28 20:29:38,457 - Exploring node: 845
2024-10-28 20:29:38,473 - Exploring node: 846
2024-10-28 20:29:38,488 - Exploring node: 847
2024-10-28 20:29:38,499 - Exploring node: 848
2024-10-28 20:29:38,508 - Exploring node: 849
2024-10-28 20:29:38,519 - Exploring node: 850
2024-10-28 20:29:38,532 - Exploring node: 851
2024-10-28 20:29:38,544 - Exploring node: 852
2024-10-28 20:29:38,561 - Exploring node: 853
2024-10-28 20:29:38,579 - Exploring node: 854
2024-10-28 20:29:38,608 - Exploring node: 855
2024-10-28 20:29:38,631 - Exploring node: 856
2024-10-28 20:29:38,656 - Exploring node: 857
2024-10-28 20:29:38,678 - Exploring node: 858
2024-10-28 20:29:38,704 - Exploring node: 859
2024-10-28 20:29:38,748 - Exploring node: 860
2024-10-28 20:29:38,775 - Exploring node: 861
2024-10-28 20:29:38,806 - Exploring node: 862
2024-10-28 20:29:38,825 - Exploring node: 863
2024-10-28 20:29:38,848 - Exploring node: 864
2024-10-28 20:29:38,871 - Exploring node: 865
2024-10-28 20:29:38,892 - Exploring node: 866
2024-10-28 20:29:38,917 - Exploring node: 867
2024-10-28 20:29:38,940 - Exploring node: 868
2024-10-28 20:29:38,976 - Exploring node: 869
2024-10-28 20:29:39,010 - Exploring node: 870
2024-10-28 20:29:39,059 - Exploring node: 871
2024-10-28 20:29:39,094 - Exploring node: 872
2024-10-28 20:29:39,112 - Exploring node: 873
2024-10-28 20:29:39,126 - Exploring node: 874
2024-10-28 20:29:39,148 - Exploring node: 875
2024-10-28 20:29:39,161 - Exploring node: 876
2024-10-28 20:29:39,194 - Exploring node: 877
2024-10-28 20:29:39,223 - Exploring node: 878
2024-10-28 20:29:39,256 - Exploring node: 879
2024-10-28 20:29:39,297 - Exploring node: 880
2024-10-28 20:29:39,312 - Exploring node: 881
2024-10-28 20:29:39,337 - Exploring node: 882
2024-10-28 20:29:39,361 - Exploring node: 883
2024-10-28 20:29:39,389 - Exploring node: 884
2024-10-28 20:29:39,407 - Exploring node: 885
2024-10-28 20:29:39,423 - Exploring node: 886
2024-10-28 20:29:39,437 - Exploring node: 887
2024-10-28 20:29:39,456 - Exploring node: 888
2024-10-28 20:29:39,486 - Exploring node: 889
2024-10-28 20:29:39,508 - Exploring node: 890
2024-10-28 20:29:39,529 - Exploring node: 891
2024-10-28 20:29:39,557 - Exploring node: 892
2024-10-28 20:29:39,597 - Exploring node: 893
2024-10-28 20:29:39,631 - Exploring node: 894
2024-10-28 20:29:39,659 - Exploring node: 895
2024-10-28 20:29:39,698 - Exploring node: 896
2024-10-28 20:29:39,736 - Exploring node: 897
2024-10-28 20:29:39,775 - Exploring node: 898
2024-10-28 20:29:39,814 - Exploring node: 899
2024-10-28 20:29:39,846 - Exploring node: 900
2024-10-28 20:29:39,872 - Exploring node: 901
2024-10-28 20:29:39,903 - Exploring node: 902
2024-10-28 20:29:39,923 - Exploring node: 903
2024-10-28 20:29:39,968 - Exploring node: 904
2024-10-28 20:29:39,991 - Exploring node: 905
2024-10-28 20:29:40,020 - Exploring node: 906
2024-10-28 20:29:40,039 - Exploring node: 907
2024-10-28 20:29:40,063 - Exploring node: 908
2024-10-28 20:29:40,087 - Exploring node: 909
2024-10-28 20:29:40,105 - Exploring node: 910
2024-10-28 20:29:40,122 - Exploring node: 911
2024-10-28 20:29:40,140 - Exploring node: 912
2024-10-28 20:29:40,168 - Exploring node: 913
2024-10-28 20:29:40,194 - Exploring node: 914
2024-10-28 20:29:40,220 - Exploring node: 915
2024-10-28 20:29:40,256 - Exploring node: 916
2024-10-28 20:29:40,277 - Exploring node: 917
2024-10-28 20:29:40,291 - Exploring node: 918
2024-10-28 20:29:40,314 - Exploring node: 919
2024-10-28 20:29:40,336 - Exploring node: 920
2024-10-28 20:29:40,357 - Exploring node: 921
2024-10-28 20:29:40,376 - Exploring node: 922
2024-10-28 20:29:40,394 - Exploring node: 923
2024-10-28 20:29:40,406 - Exploring node: 924
2024-10-28 20:29:40,420 - Exploring node: 925
2024-10-28 20:29:40,440 - Exploring node: 926
2024-10-28 20:29:40,477 - Exploring node: 927
2024-10-28 20:29:40,489 - Exploring node: 928
2024-10-28 20:29:40,503 - Exploring node: 929
2024-10-28 20:29:40,512 - Exploring node: 930
2024-10-28 20:29:40,534 - Exploring node: 931
2024-10-28 20:29:40,637 - Exploring node: 932
2024-10-28 20:29:40,656 - Exploring node: 933
2024-10-28 20:29:40,669 - Exploring node: 934
2024-10-28 20:29:40,678 - Exploring node: 935
2024-10-28 20:29:40,694 - Exploring node: 936
2024-10-28 20:29:40,708 - Exploring node: 937
2024-10-28 20:29:40,723 - Exploring node: 938
2024-10-28 20:29:40,745 - Exploring node: 939
2024-10-28 20:29:40,770 - Exploring node: 940
2024-10-28 20:29:40,806 - Exploring node: 941
2024-10-28 20:29:40,841 - Exploring node: 942
2024-10-28 20:29:40,878 - Exploring node: 943
2024-10-28 20:29:40,911 - Exploring node: 944
2024-10-28 20:29:40,957 - Exploring node: 945
2024-10-28 20:29:40,985 - Exploring node: 946
2024-10-28 20:29:41,013 - Exploring node: 947
2024-10-28 20:29:41,057 - Exploring node: 948
2024-10-28 20:29:41,092 - Exploring node: 949
2024-10-28 20:29:41,123 - Exploring node: 950
2024-10-28 20:29:41,155 - Exploring node: 951
2024-10-28 20:29:41,196 - Exploring node: 952
2024-10-28 20:29:41,237 - Exploring node: 953
2024-10-28 20:29:41,254 - Exploring node: 954
2024-10-28 20:29:41,267 - Exploring node: 955
2024-10-28 20:29:41,277 - Exploring node: 956
2024-10-28 20:29:41,290 - Exploring node: 957
2024-10-28 20:29:41,300 - Exploring node: 958
2024-10-28 20:29:41,311 - Exploring node: 959
2024-10-28 20:29:41,324 - Exploring node: 960
2024-10-28 20:29:41,336 - Exploring node: 961
2024-10-28 20:29:41,345 - Exploring node: 962
2024-10-28 20:29:41,365 - Exploring node: 963
2024-10-28 20:29:41,389 - Exploring node: 964
2024-10-28 20:29:41,407 - Exploring node: 965
2024-10-28 20:29:41,421 - Exploring node: 966
2024-10-28 20:29:41,431 - Exploring node: 967
2024-10-28 20:29:41,444 - Exploring node: 968
2024-10-28 20:29:41,461 - Exploring node: 969
2024-10-28 20:29:41,475 - Exploring node: 970
2024-10-28 20:29:41,486 - Exploring node: 971
2024-10-28 20:29:41,509 - Exploring node: 972
2024-10-28 20:29:41,525 - Exploring node: 973
2024-10-28 20:29:41,539 - Exploring node: 974
2024-10-28 20:29:41,556 - Exploring node: 975
2024-10-28 20:29:41,565 - Exploring node: 976
2024-10-28 20:29:41,575 - Exploring node: 977
2024-10-28 20:29:41,589 - Exploring node: 978
2024-10-28 20:29:41,602 - Exploring node: 979
2024-10-28 20:29:41,612 - Exploring node: 980
2024-10-28 20:29:41,625 - Exploring node: 981
2024-10-28 20:29:41,638 - Exploring node: 982
2024-10-28 20:29:41,654 - Exploring node: 983
2024-10-28 20:29:41,668 - Exploring node: 984
2024-10-28 20:29:41,687 - Exploring node: 985
2024-10-28 20:29:41,704 - Exploring node: 986
2024-10-28 20:29:41,718 - Exploring node: 987
2024-10-28 20:29:41,738 - Exploring node: 988
2024-10-28 20:29:41,752 - Exploring node: 989
2024-10-28 20:29:41,765 - Exploring node: 990
2024-10-28 20:29:41,776 - Exploring node: 991
2024-10-28 20:29:41,788 - Exploring node: 992
2024-10-28 20:29:41,798 - Exploring node: 993
2024-10-28 20:29:41,809 - Exploring node: 994
2024-10-28 20:29:41,821 - Exploring node: 995
2024-10-28 20:29:41,834 - Exploring node: 996
2024-10-28 20:29:41,845 - Exploring node: 997
2024-10-28 20:29:41,862 - Exploring node: 998
2024-10-28 20:29:41,876 - Exploring node: 999
2024-10-28 20:29:41,886 - Exploring node: 1000
2024-10-28 20:29:41,902 - Exploring node: 1001
2024-10-28 20:29:41,910 - Exploring node: 1002
2024-10-28 20:29:41,925 - Exploring node: 1003
2024-10-28 20:29:41,936 - Exploring node: 1004
2024-10-28 20:29:41,944 - Exploring node: 1005
2024-10-28 20:29:41,958 - Exploring node: 1006
2024-10-28 20:29:41,969 - Exploring node: 1007
2024-10-28 20:29:41,979 - Exploring node: 1008
2024-10-28 20:29:41,990 - Exploring node: 1009
2024-10-28 20:29:42,008 - Exploring node: 1010
2024-10-28 20:29:42,022 - Exploring node: 1011
2024-10-28 20:29:42,035 - Exploring node: 1012
2024-10-28 20:29:42,054 - Exploring node: 1013
2024-10-28 20:29:42,063 - Exploring node: 1014
2024-10-28 20:29:42,076 - Exploring node: 1015
2024-10-28 20:29:42,091 - Exploring node: 1016
2024-10-28 20:29:42,107 - Exploring node: 1017
2024-10-28 20:29:42,118 - Exploring node: 1018
2024-10-28 20:29:42,130 - Exploring node: 1019
2024-10-28 20:29:42,147 - Exploring node: 1020
2024-10-28 20:29:42,162 - Exploring node: 1021
2024-10-28 20:29:42,179 - Exploring node: 1022
2024-10-28 20:29:42,191 - Exploring node: 1023
2024-10-28 20:29:42,205 - Exploring node: 1024
2024-10-28 20:29:42,214 - Exploring node: 1025
2024-10-28 20:29:42,228 - Exploring node: 1026
2024-10-28 20:29:42,247 - Exploring node: 1027
2024-10-28 20:29:42,261 - Exploring node: 1028
2024-10-28 20:29:42,274 - Exploring node: 1029
2024-10-28 20:29:42,285 - Exploring node: 1030
2024-10-28 20:29:42,296 - Exploring node: 1031
2024-10-28 20:29:42,308 - Exploring node: 1032
2024-10-28 20:29:42,324 - Exploring node: 1033
2024-10-28 20:29:42,343 - Exploring node: 1034
2024-10-28 20:29:42,361 - Exploring node: 1035
2024-10-28 20:29:42,377 - Exploring node: 1036
2024-10-28 20:29:42,392 - Exploring node: 1037
2024-10-28 20:29:42,407 - Exploring node: 1038
2024-10-28 20:29:42,422 - Exploring node: 1039
2024-10-28 20:29:42,438 - Exploring node: 1040
2024-10-28 20:29:42,467 - Exploring node: 1041
2024-10-28 20:29:42,475 - Exploring node: 1042
2024-10-28 20:29:42,489 - Exploring node: 1043
2024-10-28 20:29:42,502 - Exploring node: 1044
2024-10-28 20:29:42,517 - Exploring node: 1045
2024-10-28 20:29:42,536 - Exploring node: 1046
2024-10-28 20:29:42,550 - Exploring node: 1047
2024-10-28 20:29:42,561 - Exploring node: 1048
2024-10-28 20:29:42,577 - Exploring node: 1049
2024-10-28 20:29:42,594 - Exploring node: 1050
2024-10-28 20:29:42,608 - Exploring node: 1051
2024-10-28 20:29:42,621 - Exploring node: 1052
2024-10-28 20:29:42,631 - Exploring node: 1053
2024-10-28 20:29:42,646 - Exploring node: 1054
2024-10-28 20:29:42,672 - Exploring node: 1055
2024-10-28 20:29:42,687 - Exploring node: 1056
2024-10-28 20:29:42,706 - Exploring node: 1057
2024-10-28 20:29:42,724 - Exploring node: 1058
2024-10-28 20:29:42,737 - Exploring node: 1059
2024-10-28 20:29:42,748 - Exploring node: 1060
2024-10-28 20:29:42,760 - Exploring node: 1061
2024-10-28 20:29:42,774 - Exploring node: 1062
2024-10-28 20:29:42,791 - Exploring node: 1063
2024-10-28 20:29:42,808 - Exploring node: 1064
2024-10-28 20:29:42,826 - Exploring node: 1065
2024-10-28 20:29:42,844 - Exploring node: 1066
2024-10-28 20:29:42,862 - Exploring node: 1067
2024-10-28 20:29:42,874 - Exploring node: 1068
2024-10-28 20:29:42,890 - Exploring node: 1069
2024-10-28 20:29:42,920 - Exploring node: 1070
2024-10-28 20:29:42,936 - Exploring node: 1071
2024-10-28 20:29:42,948 - Exploring node: 1072
2024-10-28 20:29:42,958 - Exploring node: 1073
2024-10-28 20:29:42,971 - Exploring node: 1074
2024-10-28 20:29:42,980 - Exploring node: 1075
2024-10-28 20:29:42,992 - Exploring node: 1076
2024-10-28 20:29:43,006 - Exploring node: 1077
2024-10-28 20:29:43,022 - Exploring node: 1078
2024-10-28 20:29:43,036 - Exploring node: 1079
2024-10-28 20:29:43,047 - Exploring node: 1080
2024-10-28 20:29:43,058 - Exploring node: 1081
2024-10-28 20:29:43,080 - Exploring node: 1082
2024-10-28 20:29:43,094 - Exploring node: 1083
2024-10-28 20:29:43,107 - Exploring node: 1084
2024-10-28 20:29:43,121 - Exploring node: 1085
2024-10-28 20:29:43,129 - Exploring node: 1086
2024-10-28 20:29:43,156 - Exploring node: 1087
2024-10-28 20:29:43,172 - Exploring node: 1088
2024-10-28 20:29:43,187 - Exploring node: 1089
2024-10-28 20:29:43,204 - Exploring node: 1090
2024-10-28 20:29:43,224 - Exploring node: 1091
2024-10-28 20:29:43,245 - Exploring node: 1092
2024-10-28 20:29:43,262 - Exploring node: 1093
2024-10-28 20:29:43,274 - Exploring node: 1094
2024-10-28 20:29:43,291 - Exploring node: 1095
2024-10-28 20:29:43,306 - Exploring node: 1096
2024-10-28 20:29:43,317 - Exploring node: 1097
2024-10-28 20:29:43,328 - Exploring node: 1098
2024-10-28 20:29:43,342 - Exploring node: 1099
2024-10-28 20:29:43,358 - Exploring node: 1100
2024-10-28 20:29:43,373 - Exploring node: 1101
2024-10-28 20:29:43,385 - Exploring node: 1102
2024-10-28 20:29:43,398 - Exploring node: 1103
2024-10-28 20:29:43,412 - Exploring node: 1104
2024-10-28 20:29:43,423 - Exploring node: 1105
2024-10-28 20:29:43,436 - Exploring node: 1106
2024-10-28 20:29:43,447 - Exploring node: 1107
2024-10-28 20:29:43,469 - Exploring node: 1108
2024-10-28 20:29:43,479 - Exploring node: 1109
2024-10-28 20:29:43,494 - Exploring node: 1110
2024-10-28 20:29:43,509 - Exploring node: 1111
2024-10-28 20:29:43,525 - Exploring node: 1112
2024-10-28 20:29:43,543 - Exploring node: 1113
2024-10-28 20:29:43,557 - Exploring node: 1114
2024-10-28 20:29:43,572 - Exploring node: 1115
2024-10-28 20:29:43,586 - Exploring node: 1116
2024-10-28 20:29:43,595 - Exploring node: 1117
2024-10-28 20:29:43,609 - Exploring node: 1118
2024-10-28 20:29:43,627 - Exploring node: 1119
2024-10-28 20:29:43,647 - Exploring node: 1120
2024-10-28 20:29:43,673 - Exploring node: 1121
2024-10-28 20:29:43,689 - Exploring node: 1122
2024-10-28 20:29:43,704 - Exploring node: 1123
2024-10-28 20:29:43,717 - Exploring node: 1124
2024-10-28 20:29:43,729 - Exploring node: 1125
2024-10-28 20:29:43,747 - Exploring node: 1126
2024-10-28 20:29:43,769 - Exploring node: 1127
2024-10-28 20:29:43,780 - Exploring node: 1128
2024-10-28 20:29:43,795 - Exploring node: 1129
2024-10-28 20:29:43,808 - Exploring node: 1130
2024-10-28 20:29:43,822 - Exploring node: 1131
2024-10-28 20:29:43,836 - Exploring node: 1132
2024-10-28 20:29:43,847 - Exploring node: 1133
2024-10-28 20:29:43,863 - Exploring node: 1134
2024-10-28 20:29:43,877 - Exploring node: 1135
2024-10-28 20:29:43,894 - Exploring node: 1136
2024-10-28 20:29:43,911 - Exploring node: 1137
2024-10-28 20:29:43,926 - Exploring node: 1138
2024-10-28 20:29:43,951 - Exploring node: 1139
2024-10-28 20:29:43,968 - Exploring node: 1140
2024-10-28 20:29:43,983 - Exploring node: 1141
2024-10-28 20:29:43,994 - Exploring node: 1142
2024-10-28 20:29:44,007 - Exploring node: 1143
2024-10-28 20:29:44,024 - Exploring node: 1144
2024-10-28 20:29:44,037 - Exploring node: 1145
2024-10-28 20:29:44,050 - Exploring node: 1146
2024-10-28 20:29:44,064 - Exploring node: 1147
2024-10-28 20:29:44,077 - Exploring node: 1148
2024-10-28 20:29:44,089 - Exploring node: 1149
2024-10-28 20:29:44,105 - Exploring node: 1150
2024-10-28 20:29:44,118 - Exploring node: 1151
2024-10-28 20:29:44,141 - Exploring node: 1152
2024-10-28 20:29:44,153 - Exploring node: 1153
2024-10-28 20:29:44,167 - Exploring node: 1154
2024-10-28 20:29:44,179 - Exploring node: 1155
2024-10-28 20:29:44,192 - Exploring node: 1156
2024-10-28 20:29:44,210 - Exploring node: 1157
2024-10-28 20:29:44,234 - Exploring node: 1158
2024-10-28 20:29:44,258 - Exploring node: 1159
2024-10-28 20:29:44,275 - Exploring node: 1160
2024-10-28 20:29:44,297 - Exploring node: 1161
2024-10-28 20:29:44,325 - Exploring node: 1162
2024-10-28 20:29:44,350 - Exploring node: 1163
2024-10-28 20:29:44,378 - Exploring node: 1164
2024-10-28 20:29:44,415 - Exploring node: 1165
2024-10-28 20:29:44,441 - Exploring node: 1166
2024-10-28 20:29:44,474 - Exploring node: 1167
2024-10-28 20:29:44,546 - Exploring node: 1168
2024-10-28 20:29:44,609 - Exploring node: 1169
2024-10-28 20:29:44,636 - Exploring node: 1170
2024-10-28 20:29:44,646 - Exploring node: 1171
2024-10-28 20:29:44,659 - Exploring node: 1172
2024-10-28 20:29:44,674 - Exploring node: 1173
2024-10-28 20:29:44,690 - Exploring node: 1174
2024-10-28 20:29:44,714 - Exploring node: 1175
2024-10-28 20:29:44,734 - Exploring node: 1176
2024-10-28 20:29:44,755 - Exploring node: 1177
2024-10-28 20:29:44,774 - Exploring node: 1178
2024-10-28 20:29:44,810 - Exploring node: 1179
2024-10-28 20:29:44,842 - Exploring node: 1180
2024-10-28 20:29:44,892 - Exploring node: 1181
2024-10-28 20:29:44,927 - Exploring node: 1182
2024-10-28 20:29:44,955 - Exploring node: 1183
2024-10-28 20:29:44,974 - Exploring node: 1184
2024-10-28 20:29:44,995 - Exploring node: 1185
2024-10-28 20:29:45,025 - Exploring node: 1186
2024-10-28 20:29:45,062 - Exploring node: 1187
2024-10-28 20:29:45,088 - Exploring node: 1188
2024-10-28 20:29:45,122 - Exploring node: 1189
2024-10-28 20:29:45,157 - Exploring node: 1190
2024-10-28 20:29:45,178 - Exploring node: 1191
2024-10-28 20:29:45,204 - Exploring node: 1192
2024-10-28 20:29:45,224 - Exploring node: 1193
2024-10-28 20:29:45,246 - Exploring node: 1194
2024-10-28 20:29:45,281 - Exploring node: 1195
2024-10-28 20:29:45,309 - Exploring node: 1196
2024-10-28 20:29:45,348 - Exploring node: 1197
2024-10-28 20:29:45,377 - Exploring node: 1198
2024-10-28 20:29:45,406 - Exploring node: 1199
2024-10-28 20:29:45,426 - Exploring node: 1200
2024-10-28 20:29:45,444 - Exploring node: 1201
2024-10-28 20:29:45,484 - Exploring node: 1202
2024-10-28 20:29:45,504 - Exploring node: 1203
2024-10-28 20:29:45,529 - Exploring node: 1204
2024-10-28 20:29:45,548 - Exploring node: 1205
2024-10-28 20:29:45,561 - Exploring node: 1206
2024-10-28 20:29:45,574 - Exploring node: 1207
2024-10-28 20:29:45,587 - Exploring node: 1208
2024-10-28 20:29:45,605 - Exploring node: 1209
2024-10-28 20:29:45,616 - Exploring node: 1210
2024-10-28 20:29:45,634 - Exploring node: 1211
2024-10-28 20:29:45,650 - Exploring node: 1212
2024-10-28 20:29:45,664 - Exploring node: 1213
2024-10-28 20:29:45,679 - Exploring node: 1214
2024-10-28 20:29:45,693 - Exploring node: 1215
2024-10-28 20:29:45,708 - Exploring node: 1216
2024-10-28 20:29:45,719 - Exploring node: 1217
2024-10-28 20:29:45,730 - Exploring node: 1218
2024-10-28 20:29:45,744 - Exploring node: 1219
2024-10-28 20:29:45,755 - Exploring node: 1220
2024-10-28 20:29:45,772 - Exploring node: 1221
2024-10-28 20:29:45,786 - Exploring node: 1222
2024-10-28 20:29:45,796 - Exploring node: 1223
2024-10-28 20:29:45,810 - Exploring node: 1224
2024-10-28 20:29:45,826 - Exploring node: 1225
2024-10-28 20:29:45,840 - Exploring node: 1226
2024-10-28 20:29:45,854 - Exploring node: 1227
2024-10-28 20:29:45,869 - Exploring node: 1228
2024-10-28 20:29:45,878 - Exploring node: 1229
2024-10-28 20:29:45,893 - Exploring node: 1230
2024-10-28 20:29:45,908 - Exploring node: 1231
2024-10-28 20:29:45,920 - Exploring node: 1232
2024-10-28 20:29:45,936 - Exploring node: 1233
2024-10-28 20:29:45,957 - Exploring node: 1234
2024-10-28 20:29:45,972 - Exploring node: 1235
2024-10-28 20:29:45,986 - Exploring node: 1236
2024-10-28 20:29:45,996 - Exploring node: 1237
2024-10-28 20:29:46,010 - Exploring node: 1238
2024-10-28 20:29:46,024 - Exploring node: 1239
2024-10-28 20:29:46,037 - Exploring node: 1240
2024-10-28 20:29:46,057 - Exploring node: 1241
2024-10-28 20:29:46,072 - Exploring node: 1242
2024-10-28 20:29:46,090 - Exploring node: 1243
2024-10-28 20:29:46,106 - Exploring node: 1244
2024-10-28 20:29:46,122 - Exploring node: 1245
2024-10-28 20:29:46,133 - Exploring node: 1246
2024-10-28 20:29:46,149 - Exploring node: 1247
2024-10-28 20:29:46,171 - Exploring node: 1248
2024-10-28 20:29:46,184 - Exploring node: 1249
2024-10-28 20:29:46,204 - Exploring node: 1250
2024-10-28 20:29:46,216 - Exploring node: 1251
2024-10-28 20:29:46,226 - Exploring node: 1252
2024-10-28 20:29:46,239 - Exploring node: 1253
2024-10-28 20:29:46,254 - Exploring node: 1254
2024-10-28 20:29:46,270 - Exploring node: 1255
2024-10-28 20:29:46,289 - Exploring node: 1256
2024-10-28 20:29:46,301 - Exploring node: 1257
2024-10-28 20:29:46,310 - Exploring node: 1258
2024-10-28 20:29:46,322 - Exploring node: 1259
2024-10-28 20:29:46,339 - Exploring node: 1260
2024-10-28 20:29:46,352 - Exploring node: 1261
2024-10-28 20:29:46,363 - Exploring node: 1262
2024-10-28 20:29:46,375 - Exploring node: 1263
2024-10-28 20:29:46,388 - Exploring node: 1264
2024-10-28 20:29:46,404 - Exploring node: 1265
2024-10-28 20:29:46,420 - Exploring node: 1266
2024-10-28 20:29:46,431 - Exploring node: 1267
2024-10-28 20:29:46,446 - Exploring node: 1268
2024-10-28 20:29:46,460 - Exploring node: 1269
2024-10-28 20:29:46,479 - Exploring node: 1270
2024-10-28 20:29:46,508 - Exploring node: 1271
2024-10-28 20:29:46,527 - Exploring node: 1272
2024-10-28 20:29:46,541 - Exploring node: 1273
2024-10-28 20:29:46,554 - Exploring node: 1274
2024-10-28 20:29:46,575 - Exploring node: 1275
2024-10-28 20:29:46,590 - Exploring node: 1276
2024-10-28 20:29:46,605 - Exploring node: 1277
2024-10-28 20:29:46,619 - Exploring node: 1278
2024-10-28 20:29:46,631 - Exploring node: 1279
2024-10-28 20:29:46,644 - Exploring node: 1280
2024-10-28 20:29:46,659 - Exploring node: 1281
2024-10-28 20:29:46,672 - Exploring node: 1282
2024-10-28 20:29:46,689 - Exploring node: 1283
2024-10-28 20:29:46,704 - Exploring node: 1284
2024-10-28 20:29:46,718 - Exploring node: 1285
2024-10-28 20:29:46,729 - Exploring node: 1286
2024-10-28 20:29:46,745 - Exploring node: 1287
2024-10-28 20:29:46,761 - Exploring node: 1288
2024-10-28 20:29:46,774 - Exploring node: 1289
2024-10-28 20:29:46,788 - Exploring node: 1290
2024-10-28 20:29:46,803 - Exploring node: 1291
2024-10-28 20:29:46,812 - Exploring node: 1292
2024-10-28 20:29:46,825 - Exploring node: 1293
2024-10-28 20:29:46,838 - Exploring node: 1294
2024-10-28 20:29:46,858 - Exploring node: 1295
2024-10-28 20:29:46,874 - Exploring node: 1296
2024-10-28 20:29:46,889 - Exploring node: 1297
2024-10-28 20:29:46,908 - Exploring node: 1298
2024-10-28 20:29:46,930 - Exploring node: 1299
2024-10-28 20:29:46,944 - Exploring node: 1300
2024-10-28 20:29:46,959 - Exploring node: 1301
2024-10-28 20:29:46,974 - Exploring node: 1302
2024-10-28 20:29:46,987 - Exploring node: 1303
2024-10-28 20:29:46,998 - Exploring node: 1304
2024-10-28 20:29:47,010 - Exploring node: 1305
2024-10-28 20:29:47,030 - Exploring node: 1306
2024-10-28 20:29:47,045 - Exploring node: 1307
2024-10-28 20:29:47,070 - Exploring node: 1308
2024-10-28 20:29:47,086 - Exploring node: 1309
2024-10-28 20:29:47,099 - Exploring node: 1310
2024-10-28 20:29:47,111 - Exploring node: 1311
2024-10-28 20:29:47,124 - Exploring node: 1312
2024-10-28 20:29:47,138 - Exploring node: 1313
2024-10-28 20:29:47,154 - Exploring node: 1314
2024-10-28 20:29:47,166 - Exploring node: 1315
2024-10-28 20:29:47,179 - Exploring node: 1316
2024-10-28 20:29:47,193 - Exploring node: 1317
2024-10-28 20:29:47,209 - Exploring node: 1318
2024-10-28 20:29:47,221 - Exploring node: 1319
2024-10-28 20:29:47,238 - Exploring node: 1320
2024-10-28 20:29:47,248 - Exploring node: 1321
2024-10-28 20:29:47,262 - Exploring node: 1322
2024-10-28 20:29:47,275 - Exploring node: 1323
2024-10-28 20:29:47,297 - Exploring node: 1324
2024-10-28 20:29:47,309 - Exploring node: 1325
2024-10-28 20:29:47,323 - Exploring node: 1326
2024-10-28 20:29:47,337 - Exploring node: 1327
2024-10-28 20:29:47,356 - Exploring node: 1328
2024-10-28 20:29:47,377 - Exploring node: 1329
2024-10-28 20:29:47,393 - Exploring node: 1330
2024-10-28 20:29:47,409 - Exploring node: 1331
2024-10-28 20:29:47,427 - Exploring node: 1332
2024-10-28 20:29:47,451 - Exploring node: 1333
2024-10-28 20:29:47,469 - Exploring node: 1334
2024-10-28 20:29:47,478 - Exploring node: 1335
2024-10-28 20:29:47,493 - Exploring node: 1336
2024-10-28 20:29:47,508 - Exploring node: 1337
2024-10-28 20:29:47,525 - Exploring node: 1338
2024-10-28 20:29:47,541 - Exploring node: 1339
2024-10-28 20:29:47,557 - Exploring node: 1340
2024-10-28 20:29:47,574 - Exploring node: 1341
2024-10-28 20:29:47,591 - Exploring node: 1342
2024-10-28 20:29:47,611 - Exploring node: 1343
2024-10-28 20:29:47,626 - Exploring node: 1344
2024-10-28 20:29:47,645 - Exploring node: 1345
2024-10-28 20:29:47,668 - Exploring node: 1346
2024-10-28 20:29:47,682 - Exploring node: 1347
2024-10-28 20:29:47,708 - Exploring node: 1348
2024-10-28 20:29:47,731 - Exploring node: 1349
2024-10-28 20:29:47,761 - Exploring node: 1350
2024-10-28 20:29:47,774 - Exploring node: 1351
2024-10-28 20:29:47,787 - Exploring node: 1352
2024-10-28 20:29:47,808 - Exploring node: 1353
2024-10-28 20:29:47,823 - Exploring node: 1354
2024-10-28 20:29:47,837 - Exploring node: 1355
2024-10-28 20:29:47,869 - Exploring node: 1356
2024-10-28 20:29:47,881 - Exploring node: 1357
2024-10-28 20:29:47,895 - Exploring node: 1358
2024-10-28 20:29:47,914 - Exploring node: 1359
2024-10-28 20:29:47,927 - Exploring node: 1360
2024-10-28 20:29:47,941 - Exploring node: 1361
2024-10-28 20:29:47,958 - Exploring node: 1362
2024-10-28 20:29:47,974 - Exploring node: 1363
2024-10-28 20:29:47,989 - Exploring node: 1364
2024-10-28 20:29:48,002 - Exploring node: 1365
2024-10-28 20:29:48,019 - Exploring node: 1366
2024-10-28 20:29:48,030 - Exploring node: 1367
2024-10-28 20:29:48,046 - Exploring node: 1368
2024-10-28 20:29:48,065 - Exploring node: 1369
2024-10-28 20:29:48,080 - Exploring node: 1370
2024-10-28 20:29:48,101 - Exploring node: 1371
2024-10-28 20:29:48,113 - Exploring node: 1372
2024-10-28 20:29:48,130 - Exploring node: 1373
2024-10-28 20:29:48,145 - Exploring node: 1374
2024-10-28 20:29:48,160 - Exploring node: 1375
2024-10-28 20:29:48,179 - Exploring node: 1376
2024-10-28 20:29:48,196 - Exploring node: 1377
2024-10-28 20:29:48,212 - Exploring node: 1378
2024-10-28 20:29:48,225 - Exploring node: 1379
2024-10-28 20:29:48,238 - Exploring node: 1380
2024-10-28 20:29:48,258 - Exploring node: 1381
2024-10-28 20:29:48,271 - Exploring node: 1382
2024-10-28 20:29:48,287 - Exploring node: 1383
2024-10-28 20:29:48,302 - Exploring node: 1384
2024-10-28 20:29:48,314 - Exploring node: 1385
2024-10-28 20:29:48,328 - Exploring node: 1386
2024-10-28 20:29:48,340 - Exploring node: 1387
2024-10-28 20:29:48,354 - Exploring node: 1388
2024-10-28 20:29:48,370 - Exploring node: 1389
2024-10-28 20:29:48,387 - Exploring node: 1390
2024-10-28 20:29:48,409 - Exploring node: 1391
2024-10-28 20:29:48,422 - Exploring node: 1392
2024-10-28 20:29:48,432 - Exploring node: 1393
2024-10-28 20:29:48,447 - Exploring node: 1394
2024-10-28 20:29:48,463 - Exploring node: 1395
2024-10-28 20:29:48,478 - Exploring node: 1396
2024-10-28 20:29:48,493 - Exploring node: 1397
2024-10-28 20:29:48,509 - Exploring node: 1398
2024-10-28 20:29:48,527 - Exploring node: 1399
2024-10-28 20:29:48,540 - Exploring node: 1400
2024-10-28 20:29:48,554 - Exploring node: 1401
2024-10-28 20:29:48,569 - Exploring node: 1402
2024-10-28 20:29:48,591 - Exploring node: 1403
2024-10-28 20:29:48,686 - Exploring node: 1404
2024-10-28 20:29:48,711 - Exploring node: 1405
2024-10-28 20:29:48,724 - Exploring node: 1406
2024-10-28 20:29:48,737 - Exploring node: 1407
2024-10-28 20:29:48,750 - Exploring node: 1408
2024-10-28 20:29:48,771 - Exploring node: 1409
2024-10-28 20:29:48,793 - Exploring node: 1410
2024-10-28 20:29:48,818 - Exploring node: 1411
2024-10-28 20:29:48,849 - Exploring node: 1412
2024-10-28 20:29:48,874 - Exploring node: 1413
2024-10-28 20:29:48,915 - Exploring node: 1414
2024-10-28 20:29:48,941 - Exploring node: 1415
2024-10-28 20:29:48,971 - Exploring node: 1416
2024-10-28 20:29:48,994 - Exploring node: 1417
2024-10-28 20:29:49,030 - Exploring node: 1418
2024-10-28 20:29:49,062 - Exploring node: 1419
2024-10-28 20:29:49,091 - Exploring node: 1420
2024-10-28 20:29:49,120 - Exploring node: 1421
2024-10-28 20:29:49,146 - Exploring node: 1422
2024-10-28 20:29:49,171 - Exploring node: 1423
2024-10-28 20:29:49,205 - Exploring node: 1424
2024-10-28 20:29:49,246 - Exploring node: 1425
2024-10-28 20:29:49,296 - Exploring node: 1426
2024-10-28 20:29:49,342 - Exploring node: 1427
2024-10-28 20:29:49,381 - Exploring node: 1428
2024-10-28 20:29:49,411 - Exploring node: 1429
2024-10-28 20:29:49,425 - Exploring node: 1430
2024-10-28 20:29:49,452 - Exploring node: 1431
2024-10-28 20:29:49,464 - Exploring node: 1432
2024-10-28 20:29:49,477 - Exploring node: 1433
2024-10-28 20:29:49,491 - Exploring node: 1434
2024-10-28 20:29:49,504 - Exploring node: 1435
2024-10-28 20:29:49,518 - Exploring node: 1436
2024-10-28 20:29:49,537 - Exploring node: 1437
2024-10-28 20:29:49,553 - Exploring node: 1438
2024-10-28 20:29:49,569 - Exploring node: 1439
2024-10-28 20:29:49,586 - Exploring node: 1440
2024-10-28 20:29:49,603 - Exploring node: 1441
2024-10-28 20:29:49,612 - Exploring node: 1442
2024-10-28 20:29:49,627 - Exploring node: 1443
2024-10-28 20:29:49,640 - Exploring node: 1444
2024-10-28 20:29:49,655 - Exploring node: 1445
2024-10-28 20:29:49,669 - Exploring node: 1446
2024-10-28 20:29:49,685 - Exploring node: 1447
2024-10-28 20:29:49,704 - Exploring node: 1448
2024-10-28 20:29:49,720 - Exploring node: 1449
2024-10-28 20:29:49,741 - Exploring node: 1450
2024-10-28 20:29:49,762 - Exploring node: 1451
2024-10-28 20:29:49,797 - Exploring node: 1452
2024-10-28 20:29:49,812 - Exploring node: 1453
2024-10-28 20:29:49,835 - Exploring node: 1454
2024-10-28 20:29:49,858 - Exploring node: 1455
2024-10-28 20:29:49,879 - Exploring node: 1456
2024-10-28 20:29:49,911 - Exploring node: 1457
2024-10-28 20:29:49,935 - Exploring node: 1458
2024-10-28 20:29:49,969 - Exploring node: 1459
2024-10-28 20:29:49,994 - Exploring node: 1460
2024-10-28 20:29:50,039 - Exploring node: 1461
2024-10-28 20:29:50,068 - Exploring node: 1462
2024-10-28 20:29:50,115 - Exploring node: 1463
2024-10-28 20:29:50,149 - Exploring node: 1464
2024-10-28 20:29:50,165 - Exploring node: 1465
2024-10-28 20:29:50,184 - Exploring node: 1466
2024-10-28 20:29:50,197 - Exploring node: 1467
2024-10-28 20:29:50,213 - Exploring node: 1468
2024-10-28 20:29:50,226 - Exploring node: 1469
2024-10-28 20:29:50,240 - Exploring node: 1470
2024-10-28 20:29:50,264 - Exploring node: 1471
2024-10-28 20:29:50,282 - Exploring node: 1472
2024-10-28 20:29:50,297 - Exploring node: 1473
2024-10-28 20:29:50,316 - Exploring node: 1474
2024-10-28 20:29:50,343 - Exploring node: 1475
2024-10-28 20:29:50,374 - Exploring node: 1476
2024-10-28 20:29:50,396 - Exploring node: 1477
2024-10-28 20:29:50,415 - Exploring node: 1478
2024-10-28 20:29:50,433 - Exploring node: 1479
2024-10-28 20:29:50,446 - Exploring node: 1480
2024-10-28 20:29:50,459 - Exploring node: 1481
2024-10-28 20:29:50,474 - Exploring node: 1482
2024-10-28 20:29:50,488 - Exploring node: 1483
2024-10-28 20:29:50,507 - Exploring node: 1484
2024-10-28 20:29:50,520 - Exploring node: 1485
2024-10-28 20:29:50,544 - Exploring node: 1486
2024-10-28 20:29:50,562 - Exploring node: 1487
2024-10-28 20:29:50,577 - Exploring node: 1488
2024-10-28 20:29:50,601 - Exploring node: 1489
2024-10-28 20:29:50,619 - Exploring node: 1490
2024-10-28 20:29:50,638 - Exploring node: 1491
2024-10-28 20:29:50,659 - Exploring node: 1492
2024-10-28 20:29:50,678 - Exploring node: 1493
2024-10-28 20:29:50,691 - Exploring node: 1494
2024-10-28 20:29:50,711 - Exploring node: 1495
2024-10-28 20:29:50,730 - Exploring node: 1496
2024-10-28 20:29:50,748 - Exploring node: 1497
2024-10-28 20:29:50,769 - Exploring node: 1498
2024-10-28 20:29:50,788 - Exploring node: 1499
2024-10-28 20:29:50,814 - Exploring node: 1500
2024-10-28 20:29:50,827 - Exploring node: 1501
2024-10-28 20:29:50,849 - Exploring node: 1502
2024-10-28 20:29:50,868 - Exploring node: 1503
2024-10-28 20:29:50,887 - Exploring node: 1504
2024-10-28 20:29:50,904 - Exploring node: 1505
2024-10-28 20:29:50,921 - Exploring node: 1506
2024-10-28 20:29:50,937 - Exploring node: 1507
2024-10-28 20:29:50,953 - Exploring node: 1508
2024-10-28 20:29:50,968 - Exploring node: 1509
2024-10-28 20:29:50,979 - Exploring node: 1510
2024-10-28 20:29:50,994 - Exploring node: 1511
2024-10-28 20:29:51,011 - Exploring node: 1512
2024-10-28 20:29:51,039 - Exploring node: 1513
2024-10-28 20:29:51,064 - Exploring node: 1514
2024-10-28 20:29:51,085 - Exploring node: 1515
2024-10-28 20:29:51,102 - Exploring node: 1516
2024-10-28 20:29:51,118 - Exploring node: 1517
2024-10-28 20:29:51,138 - Exploring node: 1518
2024-10-28 20:29:51,154 - Exploring node: 1519
2024-10-28 20:29:51,178 - Exploring node: 1520
2024-10-28 20:29:51,192 - Exploring node: 1521
2024-10-28 20:29:51,219 - Exploring node: 1522
2024-10-28 20:29:51,235 - Exploring node: 1523
2024-10-28 20:29:51,257 - Exploring node: 1524
2024-10-28 20:29:51,276 - Exploring node: 1525
2024-10-28 20:29:51,290 - Exploring node: 1526
2024-10-28 20:29:51,304 - Exploring node: 1527
2024-10-28 20:29:51,322 - Exploring node: 1528
2024-10-28 20:29:51,335 - Exploring node: 1529
2024-10-28 20:29:51,350 - Exploring node: 1530
2024-10-28 20:29:51,369 - Exploring node: 1531
2024-10-28 20:29:51,389 - Exploring node: 1532
2024-10-28 20:29:51,420 - Exploring node: 1533
2024-10-28 20:29:51,438 - Exploring node: 1534
2024-10-28 20:29:51,458 - Exploring node: 1535
2024-10-28 20:29:51,479 - Exploring node: 1536
2024-10-28 20:29:51,509 - Exploring node: 1537
2024-10-28 20:29:51,562 - Exploring node: 1538
2024-10-28 20:29:51,594 - Exploring node: 1539
2024-10-28 20:29:51,627 - Exploring node: 1540
2024-10-28 20:29:51,649 - Exploring node: 1541
2024-10-28 20:29:51,682 - Exploring node: 1542
2024-10-28 20:29:51,730 - Exploring node: 1543
2024-10-28 20:29:51,765 - Exploring node: 1544
2024-10-28 20:29:51,804 - Exploring node: 1545
2024-10-28 20:29:51,824 - Exploring node: 1546
2024-10-28 20:29:51,840 - Exploring node: 1547
2024-10-28 20:29:51,858 - Exploring node: 1548
2024-10-28 20:29:51,883 - Exploring node: 1549
2024-10-28 20:29:51,913 - Exploring node: 1550
2024-10-28 20:29:51,930 - Exploring node: 1551
2024-10-28 20:29:51,963 - Exploring node: 1552
2024-10-28 20:29:51,989 - Exploring node: 1553
2024-10-28 20:29:52,009 - Exploring node: 1554
2024-10-28 20:29:52,030 - Exploring node: 1555
2024-10-28 20:29:52,049 - Exploring node: 1556
2024-10-28 20:29:52,075 - Exploring node: 1557
2024-10-28 20:29:52,110 - Exploring node: 1558
2024-10-28 20:29:52,130 - Exploring node: 1559
2024-10-28 20:29:52,155 - Exploring node: 1560
2024-10-28 20:29:52,184 - Exploring node: 1561
2024-10-28 20:29:52,221 - Exploring node: 1562
2024-10-28 20:29:52,260 - Exploring node: 1563
2024-10-28 20:29:52,290 - Exploring node: 1564
2024-10-28 20:29:52,321 - Exploring node: 1565
2024-10-28 20:29:52,334 - Exploring node: 1566
2024-10-28 20:29:52,358 - Exploring node: 1567
2024-10-28 20:29:52,372 - Exploring node: 1568
2024-10-28 20:29:52,399 - Exploring node: 1569
2024-10-28 20:29:52,459 - Exploring node: 1570
2024-10-28 20:29:52,500 - Exploring node: 1571
2024-10-28 20:29:52,520 - Exploring node: 1572
2024-10-28 20:29:52,538 - Exploring node: 1573
2024-10-28 20:29:52,550 - Exploring node: 1574
2024-10-28 20:29:52,568 - Exploring node: 1575
2024-10-28 20:29:52,597 - Exploring node: 1576
2024-10-28 20:29:52,624 - Exploring node: 1577
2024-10-28 20:29:52,645 - Exploring node: 1578
2024-10-28 20:29:52,664 - Exploring node: 1579
2024-10-28 20:29:52,705 - Exploring node: 1580
2024-10-28 20:29:52,743 - Exploring node: 1581
2024-10-28 20:29:52,776 - Exploring node: 1582
2024-10-28 20:29:52,806 - Exploring node: 1583
2024-10-28 20:29:52,844 - Exploring node: 1584
2024-10-28 20:29:52,868 - Exploring node: 1585
2024-10-28 20:29:52,890 - Exploring node: 1586
2024-10-28 20:29:52,940 - Exploring node: 1587
2024-10-28 20:29:52,974 - Exploring node: 1588
2024-10-28 20:29:52,998 - Exploring node: 1589
2024-10-28 20:29:53,059 - Exploring node: 1590
2024-10-28 20:29:53,107 - Exploring node: 1591
2024-10-28 20:29:53,125 - Exploring node: 1592
2024-10-28 20:29:53,162 - Exploring node: 1593
2024-10-28 20:29:53,195 - Exploring node: 1594
2024-10-28 20:29:53,214 - Exploring node: 1595
2024-10-28 20:29:53,240 - Exploring node: 1596
2024-10-28 20:29:53,282 - Exploring node: 1597
2024-10-28 20:29:53,339 - Exploring node: 1598
2024-10-28 20:29:53,390 - Exploring node: 1599
2024-10-28 20:29:53,410 - Exploring node: 1600
2024-10-28 20:29:53,440 - Exploring node: 1601
2024-10-28 20:29:53,461 - Exploring node: 1602
2024-10-28 20:29:53,477 - Exploring node: 1603
2024-10-28 20:29:53,502 - Exploring node: 1604
2024-10-28 20:29:53,535 - Exploring node: 1605
2024-10-28 20:29:53,559 - Exploring node: 1606
2024-10-28 20:29:53,584 - Exploring node: 1607
2024-10-28 20:29:53,615 - Exploring node: 1608
2024-10-28 20:29:53,640 - Exploring node: 1609
2024-10-28 20:29:53,655 - Exploring node: 1610
2024-10-28 20:29:53,678 - Exploring node: 1611
2024-10-28 20:29:53,698 - Exploring node: 1612
2024-10-28 20:29:53,721 - Exploring node: 1613
2024-10-28 20:29:53,741 - Exploring node: 1614
2024-10-28 20:29:53,787 - Exploring node: 1615
2024-10-28 20:29:53,811 - Exploring node: 1616
2024-10-28 20:29:53,845 - Exploring node: 1617
2024-10-28 20:29:53,879 - Exploring node: 1618
2024-10-28 20:29:53,904 - Exploring node: 1619
2024-10-28 20:29:53,930 - Exploring node: 1620
2024-10-28 20:29:53,961 - Exploring node: 1621
2024-10-28 20:29:54,005 - Exploring node: 1622
2024-10-28 20:29:54,050 - Exploring node: 1623
2024-10-28 20:29:54,106 - Exploring node: 1624
2024-10-28 20:29:54,124 - Exploring node: 1625
2024-10-28 20:29:54,144 - Exploring node: 1626
2024-10-28 20:29:54,163 - Exploring node: 1627
2024-10-28 20:29:54,186 - Exploring node: 1628
2024-10-28 20:29:54,208 - Exploring node: 1629
2024-10-28 20:29:54,231 - Exploring node: 1630
2024-10-28 20:29:54,268 - Exploring node: 1631
2024-10-28 20:29:54,291 - Exploring node: 1632
2024-10-28 20:29:54,327 - Exploring node: 1633
2024-10-28 20:29:54,351 - Exploring node: 1634
2024-10-28 20:29:54,400 - Exploring node: 1635
2024-10-28 20:29:54,428 - Exploring node: 1636
2024-10-28 20:29:54,456 - Exploring node: 1637
2024-10-28 20:29:54,485 - Exploring node: 1638
2024-10-28 20:29:54,542 - Exploring node: 1639
2024-10-28 20:29:54,565 - Exploring node: 1640
2024-10-28 20:29:54,588 - Exploring node: 1641
2024-10-28 20:29:54,629 - Exploring node: 1642
2024-10-28 20:29:54,670 - Exploring node: 1643
2024-10-28 20:29:54,704 - Exploring node: 1644
2024-10-28 20:29:54,732 - Exploring node: 1645
2024-10-28 20:29:54,763 - Exploring node: 1646
2024-10-28 20:29:54,784 - Exploring node: 1647
2024-10-28 20:29:54,809 - Exploring node: 1648
2024-10-28 20:29:54,839 - Exploring node: 1649
2024-10-28 20:29:54,867 - Exploring node: 1650
2024-10-28 20:29:54,895 - Exploring node: 1651
2024-10-28 20:29:54,917 - Exploring node: 1652
2024-10-28 20:29:54,931 - Exploring node: 1653
2024-10-28 20:29:54,952 - Exploring node: 1654
2024-10-28 20:29:54,968 - Exploring node: 1655
2024-10-28 20:29:54,986 - Exploring node: 1656
2024-10-28 20:29:55,005 - Exploring node: 1657
2024-10-28 20:29:55,025 - Exploring node: 1658
2024-10-28 20:29:55,046 - Exploring node: 1659
2024-10-28 20:29:55,061 - Exploring node: 1660
2024-10-28 20:29:55,082 - Exploring node: 1661
2024-10-28 20:29:55,100 - Exploring node: 1662
2024-10-28 20:29:55,122 - Exploring node: 1663
2024-10-28 20:29:55,139 - Exploring node: 1664
2024-10-28 20:29:55,161 - Exploring node: 1665
2024-10-28 20:29:55,185 - Exploring node: 1666
2024-10-28 20:29:55,199 - Exploring node: 1667
2024-10-28 20:29:55,214 - Exploring node: 1668
2024-10-28 20:29:55,228 - Exploring node: 1669
2024-10-28 20:29:55,253 - Exploring node: 1670
2024-10-28 20:29:55,264 - Exploring node: 1671
2024-10-28 20:29:55,285 - Exploring node: 1672
2024-10-28 20:29:55,307 - Exploring node: 1673
2024-10-28 20:29:55,330 - Exploring node: 1674
2024-10-28 20:29:55,353 - Exploring node: 1675
2024-10-28 20:29:55,372 - Exploring node: 1676
2024-10-28 20:29:55,395 - Exploring node: 1677
2024-10-28 20:29:55,430 - Exploring node: 1678
2024-10-28 20:29:55,459 - Exploring node: 1679
2024-10-28 20:29:55,486 - Exploring node: 1680
2024-10-28 20:29:55,531 - Exploring node: 1681
2024-10-28 20:29:55,567 - Exploring node: 1682
2024-10-28 20:29:55,592 - Exploring node: 1683
2024-10-28 20:29:55,622 - Exploring node: 1684
2024-10-28 20:29:55,658 - Exploring node: 1685
2024-10-28 20:29:55,708 - Exploring node: 1686
2024-10-28 20:29:55,738 - Exploring node: 1687
2024-10-28 20:29:55,782 - Exploring node: 1688
2024-10-28 20:29:55,806 - Exploring node: 1689
2024-10-28 20:29:55,834 - Exploring node: 1690
2024-10-28 20:29:55,857 - Exploring node: 1691
2024-10-28 20:29:55,884 - Exploring node: 1692
2024-10-28 20:29:55,904 - Exploring node: 1693
2024-10-28 20:29:55,925 - Exploring node: 1694
2024-10-28 20:29:55,941 - Exploring node: 1695
2024-10-28 20:29:55,956 - Exploring node: 1696
2024-10-28 20:29:55,976 - Exploring node: 1697
2024-10-28 20:29:55,991 - Exploring node: 1698
2024-10-28 20:29:56,016 - Exploring node: 1699
2024-10-28 20:29:56,050 - Exploring node: 1700
2024-10-28 20:29:56,070 - Exploring node: 1701
2024-10-28 20:29:56,095 - Exploring node: 1702
2024-10-28 20:29:56,110 - Exploring node: 1703
2024-10-28 20:29:56,126 - Exploring node: 1704
2024-10-28 20:29:56,141 - Exploring node: 1705
2024-10-28 20:29:56,162 - Exploring node: 1706
2024-10-28 20:29:56,186 - Exploring node: 1707
2024-10-28 20:29:56,206 - Exploring node: 1708
2024-10-28 20:29:56,223 - Exploring node: 1709
2024-10-28 20:29:56,263 - Exploring node: 1710
2024-10-28 20:29:56,281 - Exploring node: 1711
2024-10-28 20:29:56,304 - Exploring node: 1712
2024-10-28 20:29:56,318 - Exploring node: 1713
2024-10-28 20:29:56,338 - Exploring node: 1714
2024-10-28 20:29:56,355 - Exploring node: 1715
2024-10-28 20:29:56,380 - Exploring node: 1716
2024-10-28 20:29:56,398 - Exploring node: 1717
2024-10-28 20:29:56,414 - Exploring node: 1718
2024-10-28 20:29:56,427 - Exploring node: 1719
2024-10-28 20:29:56,448 - Exploring node: 1720
2024-10-28 20:29:56,465 - Exploring node: 1721
2024-10-28 20:29:56,481 - Exploring node: 1722
2024-10-28 20:29:56,499 - Exploring node: 1723
2024-10-28 20:29:56,522 - Exploring node: 1724
2024-10-28 20:29:56,538 - Exploring node: 1725
2024-10-28 20:29:56,555 - Exploring node: 1726
2024-10-28 20:29:56,571 - Exploring node: 1727
2024-10-28 20:29:56,588 - Exploring node: 1728
2024-10-28 20:29:56,604 - Exploring node: 1729
2024-10-28 20:29:56,618 - Exploring node: 1730
2024-10-28 20:29:56,637 - Exploring node: 1731
2024-10-28 20:29:56,649 - Exploring node: 1732
2024-10-28 20:29:56,660 - Exploring node: 1733
2024-10-28 20:29:56,677 - Exploring node: 1734
2024-10-28 20:29:56,703 - Exploring node: 1735
2024-10-28 20:29:56,719 - Exploring node: 1736
2024-10-28 20:29:56,729 - Exploring node: 1737
2024-10-28 20:29:56,742 - Exploring node: 1738
2024-10-28 20:29:56,758 - Exploring node: 1739
2024-10-28 20:29:56,785 - Exploring node: 1740
2024-10-28 20:29:56,805 - Exploring node: 1741
2024-10-28 20:29:56,838 - Exploring node: 1742
2024-10-28 20:29:56,865 - Exploring node: 1743
2024-10-28 20:29:56,889 - Exploring node: 1744
2024-10-28 20:29:56,911 - Exploring node: 1745
2024-10-28 20:29:56,930 - Exploring node: 1746
2024-10-28 20:29:56,946 - Exploring node: 1747
2024-10-28 20:29:56,962 - Exploring node: 1748
2024-10-28 20:29:56,987 - Exploring node: 1749
2024-10-28 20:29:57,011 - Exploring node: 1750
2024-10-28 20:29:57,029 - Exploring node: 1751
2024-10-28 20:29:57,047 - Exploring node: 1752
2024-10-28 20:29:57,065 - Exploring node: 1753
2024-10-28 20:29:57,080 - Exploring node: 1754
2024-10-28 20:29:57,098 - Exploring node: 1755
2024-10-28 20:29:57,111 - Exploring node: 1756
2024-10-28 20:29:57,128 - Exploring node: 1757
2024-10-28 20:29:57,144 - Exploring node: 1758
2024-10-28 20:29:57,158 - Exploring node: 1759
2024-10-28 20:29:57,176 - Exploring node: 1760
2024-10-28 20:29:57,198 - Exploring node: 1761
2024-10-28 20:29:57,222 - Exploring node: 1762
2024-10-28 20:29:57,246 - Exploring node: 1763
2024-10-28 20:29:57,270 - Exploring node: 1764
2024-10-28 20:29:57,313 - Exploring node: 1765
2024-10-28 20:29:57,349 - Exploring node: 1766
2024-10-28 20:29:57,363 - Exploring node: 1767
2024-10-28 20:29:57,391 - Exploring node: 1768
2024-10-28 20:29:57,409 - Exploring node: 1769
2024-10-28 20:29:57,440 - Exploring node: 1770
2024-10-28 20:29:57,467 - Exploring node: 1771
2024-10-28 20:29:57,508 - Exploring node: 1772
2024-10-28 20:29:57,534 - Exploring node: 1773
2024-10-28 20:29:57,551 - Exploring node: 1774
2024-10-28 20:29:57,568 - Exploring node: 1775
2024-10-28 20:29:57,592 - Exploring node: 1776
2024-10-28 20:29:57,632 - Exploring node: 1777
2024-10-28 20:29:57,696 - Exploring node: 1778
2024-10-28 20:29:57,734 - Exploring node: 1779
2024-10-28 20:29:57,772 - Exploring node: 1780
2024-10-28 20:29:57,822 - Exploring node: 1781
2024-10-28 20:29:57,835 - Exploring node: 1782
2024-10-28 20:29:57,852 - Exploring node: 1783
2024-10-28 20:29:57,875 - Exploring node: 1784
2024-10-28 20:29:57,908 - Exploring node: 1785
2024-10-28 20:29:57,946 - Exploring node: 1786
2024-10-28 20:29:57,976 - Exploring node: 1787
2024-10-28 20:29:58,027 - Exploring node: 1788
2024-10-28 20:29:58,062 - Exploring node: 1789
2024-10-28 20:29:58,085 - Exploring node: 1790
2024-10-28 20:29:58,128 - Exploring node: 1791
2024-10-28 20:29:58,160 - Exploring node: 1792
2024-10-28 20:29:58,187 - Exploring node: 1793
2024-10-28 20:29:58,212 - Exploring node: 1794
2024-10-28 20:29:58,251 - Exploring node: 1795
2024-10-28 20:29:58,300 - Exploring node: 1796
2024-10-28 20:29:58,325 - Exploring node: 1797
2024-10-28 20:29:58,349 - Exploring node: 1798
2024-10-28 20:29:58,405 - Exploring node: 1799
2024-10-28 20:29:58,439 - Exploring node: 1800
2024-10-28 20:29:58,475 - Exploring node: 1801
2024-10-28 20:29:58,525 - Exploring node: 1802
2024-10-28 20:29:58,563 - Exploring node: 1803
2024-10-28 20:29:58,585 - Exploring node: 1804
2024-10-28 20:29:58,633 - Exploring node: 1805
2024-10-28 20:29:58,662 - Exploring node: 1806
2024-10-28 20:29:58,707 - Exploring node: 1807
2024-10-28 20:29:58,756 - Exploring node: 1808
2024-10-28 20:29:58,790 - Exploring node: 1809
2024-10-28 20:29:58,813 - Exploring node: 1810
2024-10-28 20:29:58,827 - Exploring node: 1811
2024-10-28 20:29:58,844 - Exploring node: 1812
2024-10-28 20:29:58,863 - Exploring node: 1813
2024-10-28 20:29:58,877 - Exploring node: 1814
2024-10-28 20:29:58,896 - Exploring node: 1815
2024-10-28 20:29:58,921 - Exploring node: 1816
2024-10-28 20:29:58,950 - Exploring node: 1817
2024-10-28 20:29:59,000 - Exploring node: 1818
2024-10-28 20:29:59,043 - Exploring node: 1819
2024-10-28 20:29:59,091 - Exploring node: 1820
2024-10-28 20:29:59,125 - Exploring node: 1821
2024-10-28 20:29:59,166 - Exploring node: 1822
2024-10-28 20:29:59,197 - Exploring node: 1823
2024-10-28 20:29:59,251 - Exploring node: 1824
2024-10-28 20:29:59,272 - Exploring node: 1825
2024-10-28 20:29:59,290 - Exploring node: 1826
2024-10-28 20:29:59,308 - Exploring node: 1827
2024-10-28 20:29:59,330 - Exploring node: 1828
2024-10-28 20:29:59,354 - Exploring node: 1829
2024-10-28 20:29:59,373 - Exploring node: 1830
